<?xml version="1.0" encoding="UTF-8"?>
<testsuite name="com.hanwha.hwgi.ep.batch.NamBatchApplicationTests" tests="1" skipped="0" failures="0" errors="0" timestamp="2018-03-19T13:23:59" hostname="Nam-PC" time="0.111">
  <properties/>
  <testcase name="contextLoads" classname="com.hanwha.hwgi.ep.batch.NamBatchApplicationTests" time="0.111"/>
  <system-out><![CDATA[22:23:54.224 [Test worker] DEBUG org.springframework.test.context.junit4.SpringJUnit4ClassRunner - SpringJUnit4ClassRunner constructor called with [class com.hanwha.hwgi.ep.batch.NamBatchApplicationTests]
22:23:54.234 [Test worker] DEBUG org.springframework.test.context.BootstrapUtils - Instantiating CacheAwareContextLoaderDelegate from class [org.springframework.test.context.cache.DefaultCacheAwareContextLoaderDelegate]
22:23:54.247 [Test worker] DEBUG org.springframework.test.context.BootstrapUtils - Instantiating BootstrapContext using constructor [public org.springframework.test.context.support.DefaultBootstrapContext(java.lang.Class,org.springframework.test.context.CacheAwareContextLoaderDelegate)]
22:23:54.263 [Test worker] DEBUG org.springframework.test.context.BootstrapUtils - Instantiating TestContextBootstrapper for test class [com.hanwha.hwgi.ep.batch.NamBatchApplicationTests] from class [org.springframework.boot.test.context.SpringBootTestContextBootstrapper]
22:23:54.281 [Test worker] INFO org.springframework.boot.test.context.SpringBootTestContextBootstrapper - Neither @ContextConfiguration nor @ContextHierarchy found for test class [com.hanwha.hwgi.ep.batch.NamBatchApplicationTests], using SpringBootContextLoader
22:23:54.286 [Test worker] DEBUG org.springframework.test.context.support.AbstractContextLoader - Did not detect default resource location for test class [com.hanwha.hwgi.ep.batch.NamBatchApplicationTests]: class path resource [com/hanwha/hwgi/ep/batch/NamBatchApplicationTests-context.xml] does not exist
22:23:54.286 [Test worker] DEBUG org.springframework.test.context.support.AbstractContextLoader - Did not detect default resource location for test class [com.hanwha.hwgi.ep.batch.NamBatchApplicationTests]: class path resource [com/hanwha/hwgi/ep/batch/NamBatchApplicationTestsContext.groovy] does not exist
22:23:54.286 [Test worker] INFO org.springframework.test.context.support.AbstractContextLoader - Could not detect default resource locations for test class [com.hanwha.hwgi.ep.batch.NamBatchApplicationTests]: no resource found for suffixes {-context.xml, Context.groovy}.
22:23:54.287 [Test worker] INFO org.springframework.test.context.support.AnnotationConfigContextLoaderUtils - Could not detect default configuration classes for test class [com.hanwha.hwgi.ep.batch.NamBatchApplicationTests]: NamBatchApplicationTests does not declare any static, non-private, non-final, nested classes annotated with @Configuration.
22:23:54.342 [Test worker] DEBUG org.springframework.test.context.support.ActiveProfilesUtils - Could not find an 'annotation declaring class' for annotation type [org.springframework.test.context.ActiveProfiles] and class [com.hanwha.hwgi.ep.batch.NamBatchApplicationTests]
22:23:54.351 [Test worker] DEBUG org.springframework.core.env.StandardEnvironment - Adding PropertySource 'systemProperties' with lowest search precedence
22:23:54.352 [Test worker] DEBUG org.springframework.core.env.StandardEnvironment - Adding PropertySource 'systemEnvironment' with lowest search precedence
22:23:54.353 [Test worker] DEBUG org.springframework.core.env.StandardEnvironment - Initialized StandardEnvironment with PropertySources [MapPropertySource@1772825854 {name='systemProperties', properties={java.runtime.name=Java(TM) SE Runtime Environment, sun.boot.library.path=C:\Program Files\Java\jdk1.8.0_11\jre\bin, java.vm.version=25.11-b03, java.vm.vendor=Oracle Corporation, java.vendor.url=http://java.oracle.com/, path.separator=;, java.vm.name=Java HotSpot(TM) 64-Bit Server VM, file.encoding.pkg=sun.io, user.script=, sun.java.launcher=SUN_STANDARD, user.country=KR, sun.os.patch.level=Service Pack 1, java.vm.specification.name=Java Virtual Machine Specification, user.dir=D:\source\ep_batch, java.runtime.version=1.8.0_11-b12, java.awt.graphicsenv=sun.awt.Win32GraphicsEnvironment, java.endorsed.dirs=C:\Program Files\Java\jdk1.8.0_11\jre\lib\endorsed, os.arch=amd64, java.io.tmpdir=C:\Users\Nam\AppData\Local\Temp\, line.separator=
, java.vm.specification.vendor=Oracle Corporation, user.variant=, os.name=Windows 7, sun.jnu.encoding=MS949, java.library.path=C:\Program Files\Java\jdk1.8.0_11\bin;C:\Windows\Sun\Java\bin;C:\Windows\system32;C:\Windows;C:/Program Files/Java/jdk1.8.0_11/bin/../jre/bin/server;C:/Program Files/Java/jdk1.8.0_11/bin/../jre/bin;C:/Program Files/Java/jdk1.8.0_11/bin/../jre/lib/amd64;D:\gradle-4.5.1\bin;D:\oracle\app\oracle\product\11.2.0\server\bin;C:\Program Files (x86)\NVIDIA Corporation\PhysX\Common;C:\Program Files\Java\jdk1.8.0_11\bin;C:\Program Files (x86)\Intel\iCLS Client\;C:\Program Files\Intel\iCLS Client\;C:\Windows\system32;C:\Windows;C:\Windows\System32\Wbem;C:\Windows\System32\WindowsPowerShell\v1.0\;C:\Program Files\Intel\Intel(R) Management Engine Components\DAL;C:\Program Files\Intel\Intel(R) Management Engine Components\IPT;C:\Program Files (x86)\Intel\Intel(R) Management Engine Components\DAL;C:\Program Files (x86)\Intel\Intel(R) Management Engine Components\IPT;C:\Program Files\Git\cmd;C:\Program Files\nodejs\;C:\Users\Nam\AppData\Roaming\npm;D:\jee-oxygen2\eclipse;;., java.specification.name=Java Platform API Specification, java.class.version=52.0, org.gradle.native=false, sun.management.compiler=HotSpot 64-Bit Tiered Compilers, os.version=6.1, user.home=C:\Users\Nam, user.timezone=Asia/Seoul, java.awt.printerjob=sun.awt.windows.WPrinterJob, file.encoding=x-windows-949, java.specification.version=1.8, java.class.path=D:\source\ep_batch\build\classes\java\test;D:\source\ep_batch\build\resources\test;D:\source\ep_batch\build\classes\java\main;D:\source\ep_batch\build\resources\main;D:\source\ep_batch\lib\accessors-smart-1.2.jar;D:\source\ep_batch\lib\android-json-0.0.20131108.vaadin1.jar;D:\source\ep_batch\lib\aopalliance-1.0.jar;D:\source\ep_batch\lib\asm-5.0.4.jar;D:\source\ep_batch\lib\assertj-core-3.9.1.jar;D:\source\ep_batch\lib\byte-buddy-1.7.10.jar;D:\source\ep_batch\lib\byte-buddy-agent-1.7.10.jar;D:\source\ep_batch\lib\classmate-1.3.4.jar;D:\source\ep_batch\lib\commons-collections-3.2.2.jar;D:\source\ep_batch\lib\commons-compress-1.14.jar;D:\source\ep_batch\lib\commons-io-2.6.jar;D:\source\ep_batch\lib\commons-logging-1.2.jar;D:\source\ep_batch\lib\commons-math3-3.6.1.jar;D:\source\ep_batch\lib\dependency-management-plugin-1.0.4.RELEASE.jar;D:\source\ep_batch\lib\gradle-ssh-plugin-2.2.0.jar;D:\source\ep_batch\lib\groovy-ssh-2.2.0.jar;D:\source\ep_batch\lib\guava-21.0.jar;D:\source\ep_batch\lib\hamcrest-core-1.3.jar;D:\source\ep_batch\lib\hamcrest-library-1.3.jar;D:\source\ep_batch\lib\hibernate-validator-5.3.6.Final.jar;D:\source\ep_batch\lib\HikariCP-2.7.8.jar;D:\source\ep_batch\lib\jackson-annotations-2.9.0.jar;D:\source\ep_batch\lib\jackson-core-2.9.4.jar;D:\source\ep_batch\lib\jackson-databind-2.9.4.jar;D:\source\ep_batch\lib\javax.annotation-api-1.3.2.jar;D:\source\ep_batch\lib\javax.batch-api-1.0.jar;D:\source\ep_batch\lib\javax.servlet-api-3.1.0.jar;D:\source\ep_batch\lib\jboss-logging-3.3.1.Final.jar;D:\source\ep_batch\lib\jcl-over-slf4j-1.7.25.jar;D:\source\ep_batch\lib\jettison-1.2.jar;D:\source\ep_batch\lib\jna-3.4.0.jar;D:\source\ep_batch\lib\jsch-0.1.52.jar;D:\source\ep_batch\lib\jsch.agentproxy.connector-factory-0.0.7.jar;D:\source\ep_batch\lib\jsch.agentproxy.core-0.0.7.jar;D:\source\ep_batch\lib\jsch.agentproxy.jsch-0.0.7.jar;D:\source\ep_batch\lib\jsch.agentproxy.pageant-0.0.7.jar;D:\source\ep_batch\lib\jsch.agentproxy.sshagent-0.0.7.jar;D:\source\ep_batch\lib\jsch.agentproxy.usocket-jna-0.0.7.jar;D:\source\ep_batch\lib\jsch.agentproxy.usocket-nc-0.0.7.jar;D:\source\ep_batch\lib\json-path-2.4.0.jar;D:\source\ep_batch\lib\json-smart-2.3.jar;D:\source\ep_batch\lib\jsonassert-1.5.0.jar;D:\source\ep_batch\lib\jul-to-slf4j-1.7.25.jar;D:\source\ep_batch\lib\junit-4.12.jar;D:\source\ep_batch\lib\log4j-api-2.10.0.jar;D:\source\ep_batch\lib\log4j-over-slf4j-1.7.25.jar;D:\source\ep_batch\lib\log4j-to-slf4j-2.10.0.jar;D:\source\ep_batch\lib\logback-classic-1.2.3.jar;D:\source\ep_batch\lib\logback-core-1.2.3.jar;D:\source\ep_batch\lib\mockito-core-2.15.0.jar;D:\source\ep_batch\lib\mybatis-3.4.5.jar;D:\source\ep_batch\lib\mybatis-spring-1.3.1.jar;D:\source\ep_batch\lib\mybatis-spring-boot-autoconfigure-1.3.1.jar;D:\source\ep_batch\lib\mybatis-spring-boot-starter-1.3.1.jar;D:\source\ep_batch\lib\mysql-connector-java-5.1.45-bin.jar;D:\source\ep_batch\lib\mysql-connector-java-5.1.45.jar;D:\source\ep_batch\lib\objenesis-2.6.jar;D:\source\ep_batch\lib\ojdbc-1.4.jar;D:\source\ep_batch\lib\ojdbc6.jar;D:\source\ep_batch\lib\platform-3.4.0.jar;D:\source\ep_batch\lib\slf4j-api-1.7.7.jar;D:\source\ep_batch\lib\snakeyaml-1.19.jar;D:\source\ep_batch\lib\spring-aop-5.0.4.RELEASE.jar;D:\source\ep_batch\lib\spring-batch-core-4.0.0.RELEASE.jar;D:\source\ep_batch\lib\spring-batch-infrastructure-4.0.0.RELEASE.jar;D:\source\ep_batch\lib\spring-batch-test-4.0.0.RELEASE.jar;D:\source\ep_batch\lib\spring-beans-5.0.4.RELEASE.jar;D:\source\ep_batch\lib\spring-boot-2.0.0.RELEASE.jar;D:\source\ep_batch\lib\spring-boot-autoconfigure-2.0.0.RELEASE.jar;D:\source\ep_batch\lib\spring-boot-gradle-plugin-2.0.0.RELEASE.jar;D:\source\ep_batch\lib\spring-boot-loader-tools-2.0.0.RELEASE.jar;D:\source\ep_batch\lib\spring-boot-starter-2.0.0.RELEASE.jar;D:\source\ep_batch\lib\spring-boot-starter-batch-2.0.0.RELEASE.jar;D:\source\ep_batch\lib\spring-boot-starter-cache-1.5.9.RELEASE.jar;D:\source\ep_batch\lib\spring-boot-starter-jdbc-2.0.0.RELEASE.jar;D:\source\ep_batch\lib\spring-boot-starter-logging-2.0.0.RELEASE.jar;D:\source\ep_batch\lib\spring-boot-starter-security-1.5.9.RELEASE.jar;D:\source\ep_batch\lib\spring-boot-starter-test-2.0.0.RELEASE.jar;D:\source\ep_batch\lib\spring-boot-starter-tomcat-1.5.9.RELEASE.jar;D:\source\ep_batch\lib\spring-boot-starter-web-1.5.9.RELEASE.jar;D:\source\ep_batch\lib\spring-boot-starter-websocket-1.5.9.RELEASE.jar;D:\source\ep_batch\lib\spring-boot-test-2.0.0.RELEASE.jar;D:\source\ep_batch\lib\spring-boot-test-autoconfigure-2.0.0.RELEASE.jar;D:\source\ep_batch\lib\spring-context-5.0.4.RELEASE.jar;D:\source\ep_batch\lib\spring-context-support-4.3.13.RELEASE.jar;D:\source\ep_batch\lib\spring-core-5.0.4.RELEASE.jar;D:\source\ep_batch\lib\spring-expression-5.0.4.RELEASE.jar;D:\source\ep_batch\lib\spring-jcl-5.0.4.RELEASE.jar;D:\source\ep_batch\lib\spring-jdbc-5.0.4.RELEASE.jar;D:\source\ep_batch\lib\spring-messaging-4.3.13.RELEASE.jar;D:\source\ep_batch\lib\spring-retry-1.2.2.RELEASE.jar;D:\source\ep_batch\lib\spring-security-config-4.2.3.RELEASE.jar;D:\source\ep_batch\lib\spring-security-core-4.2.3.RELEASE.jar;D:\source\ep_batch\lib\spring-security-test-4.2.3.RELEASE.jar;D:\source\ep_batch\lib\spring-security-web-4.2.3.RELEASE.jar;D:\source\ep_batch\lib\spring-test-5.0.4.RELEASE.jar;D:\source\ep_batch\lib\spring-tx-5.0.4.RELEASE.jar;D:\source\ep_batch\lib\tomcat-annotations-api-8.5.23.jar;D:\source\ep_batch\lib\tomcat-embed-core-8.5.23.jar;D:\source\ep_batch\lib\tomcat-embed-el-8.5.23.jar;D:\source\ep_batch\lib\tomcat-embed-websocket-8.5.23.jar;D:\source\ep_batch\lib\tomcat-jdbc-8.5.23.jar;D:\source\ep_batch\lib\tomcat-juli-8.5.23.jar;D:\source\ep_batch\lib\validation-api-1.1.0.Final.jar;D:\source\ep_batch\lib\xmlunit-core-2.5.1.jar, user.name=Nam, java.vm.specification.version=1.8, sun.java.command=worker.org.gradle.process.internal.worker.GradleWorkerMain 'Gradle Test Executor 5', java.home=C:\Program Files\Java\jdk1.8.0_11\jre, sun.arch.data.model=64, user.language=ko, java.specification.vendor=Oracle Corporation, awt.toolkit=sun.awt.windows.WToolkit, java.vm.info=mixed mode, java.version=1.8.0_11, java.ext.dirs=C:\Program Files\Java\jdk1.8.0_11\jre\lib\ext;C:\Windows\Sun\Java\lib\ext, sun.boot.class.path=C:\Program Files\Java\jdk1.8.0_11\jre\lib\resources.jar;C:\Program Files\Java\jdk1.8.0_11\jre\lib\rt.jar;C:\Program Files\Java\jdk1.8.0_11\jre\lib\sunrsasign.jar;C:\Program Files\Java\jdk1.8.0_11\jre\lib\jsse.jar;C:\Program Files\Java\jdk1.8.0_11\jre\lib\jce.jar;C:\Program Files\Java\jdk1.8.0_11\jre\lib\charsets.jar;C:\Program Files\Java\jdk1.8.0_11\jre\lib\jfr.jar;C:\Program Files\Java\jdk1.8.0_11\jre\classes, java.vendor=Oracle Corporation, org.gradle.test.worker=5, file.separator=\, java.vendor.url.bug=http://bugreport.sun.com/bugreport/, sun.io.unicode.encoding=UnicodeLittle, sun.cpu.endian=little, sun.desktop=windows, sun.cpu.isalist=amd64}}, SystemEnvironmentPropertySource@2043794819 {name='systemEnvironment', properties={PROCESSOR_LEVEL=6, FP_NO_HOST_CHECK=NO, SESSIONNAME=Console, ALLUSERSPROFILE=C:\ProgramData, PROCESSOR_ARCHITECTURE=AMD64, PSModulePath=C:\Windows\system32\WindowsPowerShell\v1.0\Modules\, SystemDrive=C:, DIRNAME=D:\gradle-4.5.1\bin\, USERNAME=Nam, CMD_LINE_ARGS=build, ProgramFiles(x86)=C:\Program Files (x86), APP_HOME=D:\gradle-4.5.1\bin\.., PATHEXT=.COM;.EXE;.BAT;.CMD;.VBS;.VBE;.JS;.JSE;.WSF;.WSH;.MSC, ECLIPSE_WORKSPACE=D:\source, ProgramData=C:\ProgramData, ProgramW6432=C:\Program Files, HOMEPATH=\Users\Nam, PROCESSOR_IDENTIFIER=Intel64 Family 6 Model 60 Stepping 3, GenuineIntel, ProgramFiles=C:\Program Files, PUBLIC=C:\Users\Public, windir=C:\Windows, _SKIP=2, LOCALAPPDATA=C:\Users\Nam\AppData\Local, USERDOMAIN=Nam-PC, LOGONSERVER=\\NAM-PC, JAVA_HOME=C:\Program Files\Java\jdk1.8.0_11, PROMPT=$P$G, TERM=xterm, GRADLE_HOME=D:\gradle-4.5.1, APPDATA=C:\Users\Nam\AppData\Roaming, JAVA_EXE=C:\Program Files\Java\jdk1.8.0_11/bin/java.exe, windows_tracing_logfile=C:\BVTBin\Tests\installpackage\csilogfile.log, ECLIPSE_HOME=D:\jee-oxygen2\eclipse, CommonProgramFiles=C:\Program Files\Common Files, Path=C:/Program Files/Java/jdk1.8.0_11/bin/../jre/bin/server;C:/Program Files/Java/jdk1.8.0_11/bin/../jre/bin;C:/Program Files/Java/jdk1.8.0_11/bin/../jre/lib/amd64;D:\gradle-4.5.1\bin;D:\oracle\app\oracle\product\11.2.0\server\bin;C:\Program Files (x86)\NVIDIA Corporation\PhysX\Common;C:\Program Files\Java\jdk1.8.0_11\bin;C:\Program Files (x86)\Intel\iCLS Client\;C:\Program Files\Intel\iCLS Client\;C:\Windows\system32;C:\Windows;C:\Windows\System32\Wbem;C:\Windows\System32\WindowsPowerShell\v1.0\;C:\Program Files\Intel\Intel(R) Management Engine Components\DAL;C:\Program Files\Intel\Intel(R) Management Engine Components\IPT;C:\Program Files (x86)\Intel\Intel(R) Management Engine Components\DAL;C:\Program Files (x86)\Intel\Intel(R) Management Engine Components\IPT;C:\Program Files\Git\cmd;C:\Program Files\nodejs\;C:\Users\Nam\AppData\Roaming\npm;D:\jee-oxygen2\eclipse;, OS=Windows_NT, windows_tracing_flags=3, COMPUTERNAME=NAM-PC, PROCESSOR_REVISION=3c03, CLASSPATH=D:\gradle-4.5.1\bin\..\lib\gradle-launcher-4.5.1.jar, CommonProgramW6432=C:\Program Files\Common Files, ComSpec=C:\Windows\system32\cmd.exe, APP_BASE_NAME=gradle, =D:=D:\source\ep_batch, SystemRoot=C:\Windows, TEMP=C:\Users\Nam\AppData\Local\Temp, HOMEDRIVE=C:, USERPROFILE=C:\Users\Nam, TMP=C:\Users\Nam\AppData\Local\Temp, CommonProgramFiles(x86)=C:\Program Files (x86)\Common Files, NUMBER_OF_PROCESSORS=4}}]
22:23:54.377 [Test worker] DEBUG org.springframework.core.io.support.PathMatchingResourcePatternResolver - Resolved classpath location [com/hanwha/hwgi/ep/batch/] to resources [URL [file:/D:/source/ep_batch/build/classes/java/test/com/hanwha/hwgi/ep/batch/], URL [file:/D:/source/ep_batch/build/classes/java/main/com/hanwha/hwgi/ep/batch/], URL [file:/D:/source/ep_batch/build/resources/main/com/hanwha/hwgi/ep/batch/]]
22:23:54.377 [Test worker] DEBUG org.springframework.core.io.support.PathMatchingResourcePatternResolver - Looking for matching resources in directory tree [D:\source\ep_batch\build\classes\java\test\com\hanwha\hwgi\ep\batch]
22:23:54.378 [Test worker] DEBUG org.springframework.core.io.support.PathMatchingResourcePatternResolver - Searching directory [D:\source\ep_batch\build\classes\java\test\com\hanwha\hwgi\ep\batch] for files matching pattern [D:/source/ep_batch/build/classes/java/test/com/hanwha/hwgi/ep/batch/*.class]
22:23:54.382 [Test worker] DEBUG org.springframework.core.io.support.PathMatchingResourcePatternResolver - Looking for matching resources in directory tree [D:\source\ep_batch\build\classes\java\main\com\hanwha\hwgi\ep\batch]
22:23:54.382 [Test worker] DEBUG org.springframework.core.io.support.PathMatchingResourcePatternResolver - Searching directory [D:\source\ep_batch\build\classes\java\main\com\hanwha\hwgi\ep\batch] for files matching pattern [D:/source/ep_batch/build/classes/java/main/com/hanwha/hwgi/ep/batch/*.class]
22:23:54.383 [Test worker] DEBUG org.springframework.core.io.support.PathMatchingResourcePatternResolver - Looking for matching resources in directory tree [D:\source\ep_batch\build\resources\main\com\hanwha\hwgi\ep\batch]
22:23:54.383 [Test worker] DEBUG org.springframework.core.io.support.PathMatchingResourcePatternResolver - Searching directory [D:\source\ep_batch\build\resources\main\com\hanwha\hwgi\ep\batch] for files matching pattern [D:/source/ep_batch/build/resources/main/com/hanwha/hwgi/ep/batch/*.class]
22:23:54.384 [Test worker] DEBUG org.springframework.core.io.support.PathMatchingResourcePatternResolver - Resolved location pattern [classpath*:com/hanwha/hwgi/ep/batch/*.class] to resources [file [D:\source\ep_batch\build\classes\java\test\com\hanwha\hwgi\ep\batch\NamBatchApplicationTests.class], file [D:\source\ep_batch\build\classes\java\main\com\hanwha\hwgi\ep\batch\EPBatchApplication.class]]
22:23:54.446 [Test worker] DEBUG org.springframework.context.annotation.ClassPathScanningCandidateComponentProvider - Identified candidate component class: file [D:\source\ep_batch\build\classes\java\main\com\hanwha\hwgi\ep\batch\EPBatchApplication.class]
22:23:54.447 [Test worker] INFO org.springframework.boot.test.context.SpringBootTestContextBootstrapper - Found @SpringBootConfiguration com.hanwha.hwgi.ep.batch.EPBatchApplication for test class com.hanwha.hwgi.ep.batch.NamBatchApplicationTests
22:23:54.596 [Test worker] DEBUG org.springframework.boot.test.context.SpringBootTestContextBootstrapper - @TestExecutionListeners is not present for class [com.hanwha.hwgi.ep.batch.NamBatchApplicationTests]: using defaults.
22:23:54.597 [Test worker] INFO org.springframework.boot.test.context.SpringBootTestContextBootstrapper - Loaded default TestExecutionListener class names from location [META-INF/spring.factories]: [org.springframework.boot.test.mock.mockito.MockitoTestExecutionListener, org.springframework.boot.test.mock.mockito.ResetMocksTestExecutionListener, org.springframework.boot.test.autoconfigure.restdocs.RestDocsTestExecutionListener, org.springframework.boot.test.autoconfigure.web.client.MockRestServiceServerResetTestExecutionListener, org.springframework.boot.test.autoconfigure.web.servlet.MockMvcPrintOnlyOnFailureTestExecutionListener, org.springframework.boot.test.autoconfigure.web.servlet.WebDriverTestExecutionListener, org.springframework.security.test.context.support.WithSecurityContextTestExecutionListener, org.springframework.test.context.web.ServletTestExecutionListener, org.springframework.test.context.support.DirtiesContextBeforeModesTestExecutionListener, org.springframework.test.context.support.DependencyInjectionTestExecutionListener, org.springframework.test.context.support.DirtiesContextTestExecutionListener, org.springframework.test.context.transaction.TransactionalTestExecutionListener, org.springframework.test.context.jdbc.SqlScriptsTestExecutionListener]
22:23:54.612 [Test worker] DEBUG org.springframework.boot.test.context.SpringBootTestContextBootstrapper - Skipping candidate TestExecutionListener [org.springframework.test.context.web.ServletTestExecutionListener] due to a missing dependency. Specify custom listener classes or make the default listener classes and their required dependencies available. Offending class: [org/springframework/web/context/request/RequestAttributes]
22:23:54.625 [Test worker] INFO org.springframework.boot.test.context.SpringBootTestContextBootstrapper - Using TestExecutionListeners: [org.springframework.test.context.support.DirtiesContextBeforeModesTestExecutionListener@5688dc29, org.springframework.boot.test.mock.mockito.MockitoTestExecutionListener@6d8bcbbe, org.springframework.boot.test.autoconfigure.SpringBootDependencyInjectionTestExecutionListener@26d1c4fd, org.springframework.test.context.support.DirtiesContextTestExecutionListener@5ee8353f, org.springframework.test.context.transaction.TransactionalTestExecutionListener@4e91c35f, org.springframework.test.context.jdbc.SqlScriptsTestExecutionListener@7d742708, org.springframework.security.test.context.support.WithSecurityContextTestExecutionListener@55aaf277, org.springframework.boot.test.mock.mockito.ResetMocksTestExecutionListener@4af47430, org.springframework.boot.test.autoconfigure.restdocs.RestDocsTestExecutionListener@abfcd0a, org.springframework.boot.test.autoconfigure.web.client.MockRestServiceServerResetTestExecutionListener@562ff732, org.springframework.boot.test.autoconfigure.web.servlet.MockMvcPrintOnlyOnFailureTestExecutionListener@54148eca, org.springframework.boot.test.autoconfigure.web.servlet.WebDriverTestExecutionListener@3da8258c]
22:23:54.629 [Test worker] DEBUG org.springframework.test.annotation.ProfileValueUtils - Retrieved @ProfileValueSourceConfiguration [null] for test class [com.hanwha.hwgi.ep.batch.NamBatchApplicationTests]
22:23:54.630 [Test worker] DEBUG org.springframework.test.annotation.ProfileValueUtils - Retrieved ProfileValueSource type [class org.springframework.test.annotation.SystemProfileValueSource] for class [com.hanwha.hwgi.ep.batch.NamBatchApplicationTests]
22:23:54.630 [Test worker] DEBUG org.springframework.test.annotation.ProfileValueUtils - Retrieved @ProfileValueSourceConfiguration [null] for test class [com.hanwha.hwgi.ep.batch.NamBatchApplicationTests]
22:23:54.631 [Test worker] DEBUG org.springframework.test.annotation.ProfileValueUtils - Retrieved ProfileValueSource type [class org.springframework.test.annotation.SystemProfileValueSource] for class [com.hanwha.hwgi.ep.batch.NamBatchApplicationTests]
22:23:54.636 [Test worker] DEBUG org.springframework.test.context.support.AbstractDirtiesContextTestExecutionListener - Before test class: context [DefaultTestContext@626f87ad testClass = NamBatchApplicationTests, testInstance = [null], testMethod = [null], testException = [null], mergedContextConfiguration = [MergedContextConfiguration@34a1ce40 testClass = NamBatchApplicationTests, locations = '{}', classes = '{class com.hanwha.hwgi.ep.batch.EPBatchApplication}', contextInitializerClasses = '[]', activeProfiles = '{}', propertySourceLocations = '{}', propertySourceProperties = '{org.springframework.boot.test.context.SpringBootTestContextBootstrapper=true}', contextCustomizers = set[org.springframework.boot.test.context.filter.ExcludeFilterContextCustomizer@3c7281b6, org.springframework.boot.test.json.DuplicateJsonObjectContextCustomizerFactory$DuplicateJsonObjectContextCustomizer@2421772, org.springframework.boot.test.mock.mockito.MockitoContextCustomizer@0, org.springframework.boot.test.web.client.TestRestTemplateContextCustomizer@46374d22, org.springframework.boot.test.autoconfigure.properties.PropertyMappingContextCustomizer@0, org.springframework.boot.test.autoconfigure.web.servlet.WebDriverContextCustomizerFactory$Customizer@71072a00], contextLoader = 'org.springframework.boot.test.context.SpringBootContextLoader', parent = [null]], attributes = map[[empty]]], class annotated with @DirtiesContext [false] with mode [null].
22:23:54.637 [Test worker] DEBUG org.springframework.test.annotation.ProfileValueUtils - Retrieved @ProfileValueSourceConfiguration [null] for test class [com.hanwha.hwgi.ep.batch.NamBatchApplicationTests]
22:23:54.637 [Test worker] DEBUG org.springframework.test.annotation.ProfileValueUtils - Retrieved ProfileValueSource type [class org.springframework.test.annotation.SystemProfileValueSource] for class [com.hanwha.hwgi.ep.batch.NamBatchApplicationTests]
22:23:54.642 [Test worker] DEBUG org.springframework.test.context.support.DependencyInjectionTestExecutionListener - Performing dependency injection for test context [[DefaultTestContext@626f87ad testClass = NamBatchApplicationTests, testInstance = com.hanwha.hwgi.ep.batch.NamBatchApplicationTests@52327925, testMethod = [null], testException = [null], mergedContextConfiguration = [MergedContextConfiguration@34a1ce40 testClass = NamBatchApplicationTests, locations = '{}', classes = '{class com.hanwha.hwgi.ep.batch.EPBatchApplication}', contextInitializerClasses = '[]', activeProfiles = '{}', propertySourceLocations = '{}', propertySourceProperties = '{org.springframework.boot.test.context.SpringBootTestContextBootstrapper=true}', contextCustomizers = set[org.springframework.boot.test.context.filter.ExcludeFilterContextCustomizer@3c7281b6, org.springframework.boot.test.json.DuplicateJsonObjectContextCustomizerFactory$DuplicateJsonObjectContextCustomizer@2421772, org.springframework.boot.test.mock.mockito.MockitoContextCustomizer@0, org.springframework.boot.test.web.client.TestRestTemplateContextCustomizer@46374d22, org.springframework.boot.test.autoconfigure.properties.PropertyMappingContextCustomizer@0, org.springframework.boot.test.autoconfigure.web.servlet.WebDriverContextCustomizerFactory$Customizer@71072a00], contextLoader = 'org.springframework.boot.test.context.SpringBootContextLoader', parent = [null]], attributes = map[[empty]]]].
22:23:54.662 [Test worker] DEBUG org.springframework.core.env.StandardEnvironment - Adding PropertySource 'systemProperties' with lowest search precedence
22:23:54.662 [Test worker] DEBUG org.springframework.core.env.StandardEnvironment - Adding PropertySource 'systemEnvironment' with lowest search precedence
22:23:54.662 [Test worker] DEBUG org.springframework.core.env.StandardEnvironment - Initialized StandardEnvironment with PropertySources [MapPropertySource@1280082638 {name='systemProperties', properties={java.runtime.name=Java(TM) SE Runtime Environment, sun.boot.library.path=C:\Program Files\Java\jdk1.8.0_11\jre\bin, java.vm.version=25.11-b03, java.vm.vendor=Oracle Corporation, java.vendor.url=http://java.oracle.com/, path.separator=;, java.vm.name=Java HotSpot(TM) 64-Bit Server VM, file.encoding.pkg=sun.io, user.script=, sun.java.launcher=SUN_STANDARD, user.country=KR, sun.os.patch.level=Service Pack 1, java.vm.specification.name=Java Virtual Machine Specification, user.dir=D:\source\ep_batch, java.runtime.version=1.8.0_11-b12, java.awt.graphicsenv=sun.awt.Win32GraphicsEnvironment, java.endorsed.dirs=C:\Program Files\Java\jdk1.8.0_11\jre\lib\endorsed, os.arch=amd64, java.io.tmpdir=C:\Users\Nam\AppData\Local\Temp\, line.separator=
, java.vm.specification.vendor=Oracle Corporation, user.variant=, os.name=Windows 7, sun.jnu.encoding=MS949, java.library.path=C:\Program Files\Java\jdk1.8.0_11\bin;C:\Windows\Sun\Java\bin;C:\Windows\system32;C:\Windows;C:/Program Files/Java/jdk1.8.0_11/bin/../jre/bin/server;C:/Program Files/Java/jdk1.8.0_11/bin/../jre/bin;C:/Program Files/Java/jdk1.8.0_11/bin/../jre/lib/amd64;D:\gradle-4.5.1\bin;D:\oracle\app\oracle\product\11.2.0\server\bin;C:\Program Files (x86)\NVIDIA Corporation\PhysX\Common;C:\Program Files\Java\jdk1.8.0_11\bin;C:\Program Files (x86)\Intel\iCLS Client\;C:\Program Files\Intel\iCLS Client\;C:\Windows\system32;C:\Windows;C:\Windows\System32\Wbem;C:\Windows\System32\WindowsPowerShell\v1.0\;C:\Program Files\Intel\Intel(R) Management Engine Components\DAL;C:\Program Files\Intel\Intel(R) Management Engine Components\IPT;C:\Program Files (x86)\Intel\Intel(R) Management Engine Components\DAL;C:\Program Files (x86)\Intel\Intel(R) Management Engine Components\IPT;C:\Program Files\Git\cmd;C:\Program Files\nodejs\;C:\Users\Nam\AppData\Roaming\npm;D:\jee-oxygen2\eclipse;;., java.specification.name=Java Platform API Specification, java.class.version=52.0, org.gradle.native=false, sun.management.compiler=HotSpot 64-Bit Tiered Compilers, os.version=6.1, user.home=C:\Users\Nam, user.timezone=Asia/Seoul, java.awt.printerjob=sun.awt.windows.WPrinterJob, file.encoding=x-windows-949, java.specification.version=1.8, java.class.path=D:\source\ep_batch\build\classes\java\test;D:\source\ep_batch\build\resources\test;D:\source\ep_batch\build\classes\java\main;D:\source\ep_batch\build\resources\main;D:\source\ep_batch\lib\accessors-smart-1.2.jar;D:\source\ep_batch\lib\android-json-0.0.20131108.vaadin1.jar;D:\source\ep_batch\lib\aopalliance-1.0.jar;D:\source\ep_batch\lib\asm-5.0.4.jar;D:\source\ep_batch\lib\assertj-core-3.9.1.jar;D:\source\ep_batch\lib\byte-buddy-1.7.10.jar;D:\source\ep_batch\lib\byte-buddy-agent-1.7.10.jar;D:\source\ep_batch\lib\classmate-1.3.4.jar;D:\source\ep_batch\lib\commons-collections-3.2.2.jar;D:\source\ep_batch\lib\commons-compress-1.14.jar;D:\source\ep_batch\lib\commons-io-2.6.jar;D:\source\ep_batch\lib\commons-logging-1.2.jar;D:\source\ep_batch\lib\commons-math3-3.6.1.jar;D:\source\ep_batch\lib\dependency-management-plugin-1.0.4.RELEASE.jar;D:\source\ep_batch\lib\gradle-ssh-plugin-2.2.0.jar;D:\source\ep_batch\lib\groovy-ssh-2.2.0.jar;D:\source\ep_batch\lib\guava-21.0.jar;D:\source\ep_batch\lib\hamcrest-core-1.3.jar;D:\source\ep_batch\lib\hamcrest-library-1.3.jar;D:\source\ep_batch\lib\hibernate-validator-5.3.6.Final.jar;D:\source\ep_batch\lib\HikariCP-2.7.8.jar;D:\source\ep_batch\lib\jackson-annotations-2.9.0.jar;D:\source\ep_batch\lib\jackson-core-2.9.4.jar;D:\source\ep_batch\lib\jackson-databind-2.9.4.jar;D:\source\ep_batch\lib\javax.annotation-api-1.3.2.jar;D:\source\ep_batch\lib\javax.batch-api-1.0.jar;D:\source\ep_batch\lib\javax.servlet-api-3.1.0.jar;D:\source\ep_batch\lib\jboss-logging-3.3.1.Final.jar;D:\source\ep_batch\lib\jcl-over-slf4j-1.7.25.jar;D:\source\ep_batch\lib\jettison-1.2.jar;D:\source\ep_batch\lib\jna-3.4.0.jar;D:\source\ep_batch\lib\jsch-0.1.52.jar;D:\source\ep_batch\lib\jsch.agentproxy.connector-factory-0.0.7.jar;D:\source\ep_batch\lib\jsch.agentproxy.core-0.0.7.jar;D:\source\ep_batch\lib\jsch.agentproxy.jsch-0.0.7.jar;D:\source\ep_batch\lib\jsch.agentproxy.pageant-0.0.7.jar;D:\source\ep_batch\lib\jsch.agentproxy.sshagent-0.0.7.jar;D:\source\ep_batch\lib\jsch.agentproxy.usocket-jna-0.0.7.jar;D:\source\ep_batch\lib\jsch.agentproxy.usocket-nc-0.0.7.jar;D:\source\ep_batch\lib\json-path-2.4.0.jar;D:\source\ep_batch\lib\json-smart-2.3.jar;D:\source\ep_batch\lib\jsonassert-1.5.0.jar;D:\source\ep_batch\lib\jul-to-slf4j-1.7.25.jar;D:\source\ep_batch\lib\junit-4.12.jar;D:\source\ep_batch\lib\log4j-api-2.10.0.jar;D:\source\ep_batch\lib\log4j-over-slf4j-1.7.25.jar;D:\source\ep_batch\lib\log4j-to-slf4j-2.10.0.jar;D:\source\ep_batch\lib\logback-classic-1.2.3.jar;D:\source\ep_batch\lib\logback-core-1.2.3.jar;D:\source\ep_batch\lib\mockito-core-2.15.0.jar;D:\source\ep_batch\lib\mybatis-3.4.5.jar;D:\source\ep_batch\lib\mybatis-spring-1.3.1.jar;D:\source\ep_batch\lib\mybatis-spring-boot-autoconfigure-1.3.1.jar;D:\source\ep_batch\lib\mybatis-spring-boot-starter-1.3.1.jar;D:\source\ep_batch\lib\mysql-connector-java-5.1.45-bin.jar;D:\source\ep_batch\lib\mysql-connector-java-5.1.45.jar;D:\source\ep_batch\lib\objenesis-2.6.jar;D:\source\ep_batch\lib\ojdbc-1.4.jar;D:\source\ep_batch\lib\ojdbc6.jar;D:\source\ep_batch\lib\platform-3.4.0.jar;D:\source\ep_batch\lib\slf4j-api-1.7.7.jar;D:\source\ep_batch\lib\snakeyaml-1.19.jar;D:\source\ep_batch\lib\spring-aop-5.0.4.RELEASE.jar;D:\source\ep_batch\lib\spring-batch-core-4.0.0.RELEASE.jar;D:\source\ep_batch\lib\spring-batch-infrastructure-4.0.0.RELEASE.jar;D:\source\ep_batch\lib\spring-batch-test-4.0.0.RELEASE.jar;D:\source\ep_batch\lib\spring-beans-5.0.4.RELEASE.jar;D:\source\ep_batch\lib\spring-boot-2.0.0.RELEASE.jar;D:\source\ep_batch\lib\spring-boot-autoconfigure-2.0.0.RELEASE.jar;D:\source\ep_batch\lib\spring-boot-gradle-plugin-2.0.0.RELEASE.jar;D:\source\ep_batch\lib\spring-boot-loader-tools-2.0.0.RELEASE.jar;D:\source\ep_batch\lib\spring-boot-starter-2.0.0.RELEASE.jar;D:\source\ep_batch\lib\spring-boot-starter-batch-2.0.0.RELEASE.jar;D:\source\ep_batch\lib\spring-boot-starter-cache-1.5.9.RELEASE.jar;D:\source\ep_batch\lib\spring-boot-starter-jdbc-2.0.0.RELEASE.jar;D:\source\ep_batch\lib\spring-boot-starter-logging-2.0.0.RELEASE.jar;D:\source\ep_batch\lib\spring-boot-starter-security-1.5.9.RELEASE.jar;D:\source\ep_batch\lib\spring-boot-starter-test-2.0.0.RELEASE.jar;D:\source\ep_batch\lib\spring-boot-starter-tomcat-1.5.9.RELEASE.jar;D:\source\ep_batch\lib\spring-boot-starter-web-1.5.9.RELEASE.jar;D:\source\ep_batch\lib\spring-boot-starter-websocket-1.5.9.RELEASE.jar;D:\source\ep_batch\lib\spring-boot-test-2.0.0.RELEASE.jar;D:\source\ep_batch\lib\spring-boot-test-autoconfigure-2.0.0.RELEASE.jar;D:\source\ep_batch\lib\spring-context-5.0.4.RELEASE.jar;D:\source\ep_batch\lib\spring-context-support-4.3.13.RELEASE.jar;D:\source\ep_batch\lib\spring-core-5.0.4.RELEASE.jar;D:\source\ep_batch\lib\spring-expression-5.0.4.RELEASE.jar;D:\source\ep_batch\lib\spring-jcl-5.0.4.RELEASE.jar;D:\source\ep_batch\lib\spring-jdbc-5.0.4.RELEASE.jar;D:\source\ep_batch\lib\spring-messaging-4.3.13.RELEASE.jar;D:\source\ep_batch\lib\spring-retry-1.2.2.RELEASE.jar;D:\source\ep_batch\lib\spring-security-config-4.2.3.RELEASE.jar;D:\source\ep_batch\lib\spring-security-core-4.2.3.RELEASE.jar;D:\source\ep_batch\lib\spring-security-test-4.2.3.RELEASE.jar;D:\source\ep_batch\lib\spring-security-web-4.2.3.RELEASE.jar;D:\source\ep_batch\lib\spring-test-5.0.4.RELEASE.jar;D:\source\ep_batch\lib\spring-tx-5.0.4.RELEASE.jar;D:\source\ep_batch\lib\tomcat-annotations-api-8.5.23.jar;D:\source\ep_batch\lib\tomcat-embed-core-8.5.23.jar;D:\source\ep_batch\lib\tomcat-embed-el-8.5.23.jar;D:\source\ep_batch\lib\tomcat-embed-websocket-8.5.23.jar;D:\source\ep_batch\lib\tomcat-jdbc-8.5.23.jar;D:\source\ep_batch\lib\tomcat-juli-8.5.23.jar;D:\source\ep_batch\lib\validation-api-1.1.0.Final.jar;D:\source\ep_batch\lib\xmlunit-core-2.5.1.jar, user.name=Nam, java.vm.specification.version=1.8, sun.java.command=worker.org.gradle.process.internal.worker.GradleWorkerMain 'Gradle Test Executor 5', java.home=C:\Program Files\Java\jdk1.8.0_11\jre, sun.arch.data.model=64, user.language=ko, java.specification.vendor=Oracle Corporation, awt.toolkit=sun.awt.windows.WToolkit, java.vm.info=mixed mode, java.version=1.8.0_11, java.ext.dirs=C:\Program Files\Java\jdk1.8.0_11\jre\lib\ext;C:\Windows\Sun\Java\lib\ext, sun.boot.class.path=C:\Program Files\Java\jdk1.8.0_11\jre\lib\resources.jar;C:\Program Files\Java\jdk1.8.0_11\jre\lib\rt.jar;C:\Program Files\Java\jdk1.8.0_11\jre\lib\sunrsasign.jar;C:\Program Files\Java\jdk1.8.0_11\jre\lib\jsse.jar;C:\Program Files\Java\jdk1.8.0_11\jre\lib\jce.jar;C:\Program Files\Java\jdk1.8.0_11\jre\lib\charsets.jar;C:\Program Files\Java\jdk1.8.0_11\jre\lib\jfr.jar;C:\Program Files\Java\jdk1.8.0_11\jre\classes, java.vendor=Oracle Corporation, org.gradle.test.worker=5, file.separator=\, java.vendor.url.bug=http://bugreport.sun.com/bugreport/, sun.io.unicode.encoding=UnicodeLittle, sun.cpu.endian=little, sun.desktop=windows, sun.cpu.isalist=amd64}}, SystemEnvironmentPropertySource@250972285 {name='systemEnvironment', properties={PROCESSOR_LEVEL=6, FP_NO_HOST_CHECK=NO, SESSIONNAME=Console, ALLUSERSPROFILE=C:\ProgramData, PROCESSOR_ARCHITECTURE=AMD64, PSModulePath=C:\Windows\system32\WindowsPowerShell\v1.0\Modules\, SystemDrive=C:, DIRNAME=D:\gradle-4.5.1\bin\, USERNAME=Nam, CMD_LINE_ARGS=build, ProgramFiles(x86)=C:\Program Files (x86), APP_HOME=D:\gradle-4.5.1\bin\.., PATHEXT=.COM;.EXE;.BAT;.CMD;.VBS;.VBE;.JS;.JSE;.WSF;.WSH;.MSC, ECLIPSE_WORKSPACE=D:\source, ProgramData=C:\ProgramData, ProgramW6432=C:\Program Files, HOMEPATH=\Users\Nam, PROCESSOR_IDENTIFIER=Intel64 Family 6 Model 60 Stepping 3, GenuineIntel, ProgramFiles=C:\Program Files, PUBLIC=C:\Users\Public, windir=C:\Windows, _SKIP=2, LOCALAPPDATA=C:\Users\Nam\AppData\Local, USERDOMAIN=Nam-PC, LOGONSERVER=\\NAM-PC, JAVA_HOME=C:\Program Files\Java\jdk1.8.0_11, PROMPT=$P$G, TERM=xterm, GRADLE_HOME=D:\gradle-4.5.1, APPDATA=C:\Users\Nam\AppData\Roaming, JAVA_EXE=C:\Program Files\Java\jdk1.8.0_11/bin/java.exe, windows_tracing_logfile=C:\BVTBin\Tests\installpackage\csilogfile.log, ECLIPSE_HOME=D:\jee-oxygen2\eclipse, CommonProgramFiles=C:\Program Files\Common Files, Path=C:/Program Files/Java/jdk1.8.0_11/bin/../jre/bin/server;C:/Program Files/Java/jdk1.8.0_11/bin/../jre/bin;C:/Program Files/Java/jdk1.8.0_11/bin/../jre/lib/amd64;D:\gradle-4.5.1\bin;D:\oracle\app\oracle\product\11.2.0\server\bin;C:\Program Files (x86)\NVIDIA Corporation\PhysX\Common;C:\Program Files\Java\jdk1.8.0_11\bin;C:\Program Files (x86)\Intel\iCLS Client\;C:\Program Files\Intel\iCLS Client\;C:\Windows\system32;C:\Windows;C:\Windows\System32\Wbem;C:\Windows\System32\WindowsPowerShell\v1.0\;C:\Program Files\Intel\Intel(R) Management Engine Components\DAL;C:\Program Files\Intel\Intel(R) Management Engine Components\IPT;C:\Program Files (x86)\Intel\Intel(R) Management Engine Components\DAL;C:\Program Files (x86)\Intel\Intel(R) Management Engine Components\IPT;C:\Program Files\Git\cmd;C:\Program Files\nodejs\;C:\Users\Nam\AppData\Roaming\npm;D:\jee-oxygen2\eclipse;, OS=Windows_NT, windows_tracing_flags=3, COMPUTERNAME=NAM-PC, PROCESSOR_REVISION=3c03, CLASSPATH=D:\gradle-4.5.1\bin\..\lib\gradle-launcher-4.5.1.jar, CommonProgramW6432=C:\Program Files\Common Files, ComSpec=C:\Windows\system32\cmd.exe, APP_BASE_NAME=gradle, =D:=D:\source\ep_batch, SystemRoot=C:\Windows, TEMP=C:\Users\Nam\AppData\Local\Temp, HOMEDRIVE=C:, USERPROFILE=C:\Users\Nam, TMP=C:\Users\Nam\AppData\Local\Temp, CommonProgramFiles(x86)=C:\Program Files (x86)\Common Files, NUMBER_OF_PROCESSORS=4}}]
22:23:54.664 [Test worker] DEBUG org.springframework.test.context.support.TestPropertySourceUtils - Adding inlined properties to environment: {spring.jmx.enabled=false, org.springframework.boot.test.context.SpringBootTestContextBootstrapper=true, server.port=-1}
22:23:54.665 [Test worker] DEBUG org.springframework.core.env.StandardEnvironment - Adding PropertySource 'Inlined Test Properties' with highest search precedence

  .   ____          _            __ _ _
 /\\ / ___'_ __ _ _(_)_ __  __ _ \ \ \ \
( ( )\___ | '_ | '_| | '_ \/ _` | \ \ \ \
 \\/  ___)| |_)| | | | | || (_| |  ) ) ) )
  '  |____| .__|_| |_|_| |_\__, | / / / /
 =========|_|==============|___/=/_/_/_/
 :: Spring Boot ::        (v2.0.0.RELEASE)

2018-03-19 22:23:55.114  INFO 16576 --- [    Test worker] c.h.h.ep.batch.NamBatchApplicationTests  : Starting NamBatchApplicationTests on Nam-PC with PID 16576 (started by Nam in D:\source\ep_batch)
2018-03-19 22:23:55.121  INFO 16576 --- [    Test worker] c.h.h.ep.batch.NamBatchApplicationTests  : No active profile set, falling back to default profiles: default
2018-03-19 22:23:55.181  INFO 16576 --- [    Test worker] s.c.a.AnnotationConfigApplicationContext : Refreshing org.springframework.context.annotation.AnnotationConfigApplicationContext@77ba4b61: startup date [Mon Mar 19 22:23:55 KST 2018]; root of context hierarchy
2018-03-19 22:23:55.814  INFO 16576 --- [    Test worker] o.s.b.f.s.DefaultListableBeanFactory     : Overriding bean definition for bean 'transactionManager' with a different definition: replacing [Root bean: class [null]; scope=; abstract=false; lazyInit=false; autowireMode=3; dependencyCheck=0; autowireCandidate=true; primary=false; factoryBeanName=org.springframework.batch.core.configuration.annotation.SimpleBatchConfiguration; factoryMethodName=transactionManager; initMethodName=null; destroyMethodName=(inferred); defined in class path resource [org/springframework/batch/core/configuration/annotation/SimpleBatchConfiguration.class]] with [Root bean: class [null]; scope=; abstract=false; lazyInit=true; autowireMode=3; dependencyCheck=0; autowireCandidate=true; primary=false; factoryBeanName=databaseConfiguration; factoryMethodName=transactionManager; initMethodName=null; destroyMethodName=(inferred); defined in class path resource [com/hanwha/hwgi/ep/batch/config/DatabaseConfiguration.class]]
2018-03-19 22:23:55.913  WARN 16576 --- [    Test worker] o.m.s.mapper.ClassPathMapperScanner      : No MyBatis mapper was found in '[com.hanwha.hwgi.ep.batch]' package. Please check your configuration.
2018-03-19 22:23:56.204  WARN 16576 --- [    Test worker] o.s.c.a.ConfigurationClassEnhancer       : @Bean method ScopeConfiguration.stepScope is non-static and returns an object assignable to Spring's BeanFactoryPostProcessor interface. This will result in a failure to process annotations such as @Autowired, @Resource and @PostConstruct within the method's declaring @Configuration class. Add the 'static' modifier to this method to avoid these container lifecycle issues; see @Bean javadoc for complete details.
2018-03-19 22:23:56.225  WARN 16576 --- [    Test worker] o.s.c.a.ConfigurationClassEnhancer       : @Bean method ScopeConfiguration.jobScope is non-static and returns an object assignable to Spring's BeanFactoryPostProcessor interface. This will result in a failure to process annotations such as @Autowired, @Resource and @PostConstruct within the method's declaring @Configuration class. Add the 'static' modifier to this method to avoid these container lifecycle issues; see @Bean javadoc for complete details.
2018-03-19 22:23:57.746  INFO 16576 --- [    Test worker] com.zaxxer.hikari.HikariDataSource       : primaryDataSource - Starting...
2018-03-19 22:23:58.273  INFO 16576 --- [    Test worker] com.zaxxer.hikari.HikariDataSource       : primaryDataSource - Start completed.
2018-03-19 22:23:58.282  INFO 16576 --- [    Test worker] o.s.b.c.r.s.JobRepositoryFactoryBean     : No database type set, using meta data indicating: MYSQL
2018-03-19 22:23:58.491  INFO 16576 --- [    Test worker] o.s.b.c.l.support.SimpleJobLauncher      : No TaskExecutor has been set, defaulting to synchronous executor.
2018-03-19 22:23:59.080  INFO 16576 --- [    Test worker] c.h.h.ep.batch.NamBatchApplicationTests  : Started NamBatchApplicationTests in 4.411 seconds (JVM running for 5.652)
2018-03-19 22:23:59.082  INFO 16576 --- [    Test worker] o.s.b.a.b.JobLauncherCommandLineRunner   : Running default command line with: []
2018-03-19 22:23:59.267  INFO 16576 --- [    Test worker] o.s.b.c.l.support.SimpleJobLauncher      : Job: [FlowJob: [name=importOrgJob]] launched with the following parameters: [{run.id=5, -spring.batch.job.names=importOrgJob}]
2018-03-19 22:23:59.333  INFO 16576 --- [    Test worker] o.s.batch.core.job.SimpleStepHandler     : Executing step: [orgSyncStep]
2018-03-19 22:23:59.355  INFO 16576 --- [    Test worker] com.zaxxer.hikari.HikariDataSource       : secondaryDataSource - Starting...
2018-03-19 22:23:59.362  INFO 16576 --- [    Test worker] com.zaxxer.hikari.HikariDataSource       : secondaryDataSource - Start completed.
2018-03-19 22:23:59.388  INFO 16576 --- [    Test worker] c.h.h.e.b.j.processor.OrgItemProcessor   : Converting (com.hanwha.hwgi.ep.batch.vo.OrgVO@14eaae92) into (com.hanwha.hwgi.ep.batch.vo.OrgVO@d629ae1)
2018-03-19 22:23:59.571  INFO 16576 --- [    Test worker] o.s.b.f.xml.XmlBeanDefinitionReader      : Loading XML bean definitions from class path resource [org/springframework/jdbc/support/sql-error-codes.xml]
2018-03-19 22:23:59.662  INFO 16576 --- [    Test worker] o.s.jdbc.support.SQLErrorCodesFactory    : SQLErrorCodes loaded: [DB2, Derby, H2, HSQL, Informix, MS-SQL, MySQL, Oracle, PostgreSQL, Sybase, Hana]
2018-03-19 22:23:59.674 ERROR 16576 --- [    Test worker] o.s.batch.core.step.AbstractStep         : Encountered an error executing step orgSyncStep in job importOrgJob

org.springframework.dao.DuplicateKeyException: ep.batch.mapper.selectUser.insertOrg (batch index #1) failed. Cause: java.sql.BatchUpdateException: Duplicate entry 'ABCDE' for key 'PRIMARY'
; ]; Duplicate entry 'ABCDE' for key 'PRIMARY'; nested exception is java.sql.BatchUpdateException: Duplicate entry 'ABCDE' for key 'PRIMARY'
	at org.springframework.jdbc.support.SQLErrorCodeSQLExceptionTranslator.doTranslate(SQLErrorCodeSQLExceptionTranslator.java:243) ~[spring-jdbc-5.0.4.RELEASE.jar:5.0.4.RELEASE]
	at org.springframework.jdbc.support.AbstractFallbackSQLExceptionTranslator.translate(AbstractFallbackSQLExceptionTranslator.java:72) ~[spring-jdbc-5.0.4.RELEASE.jar:5.0.4.RELEASE]
	at org.mybatis.spring.MyBatisExceptionTranslator.translateExceptionIfPossible(MyBatisExceptionTranslator.java:73) ~[mybatis-spring-1.3.1.jar:1.3.1]
	at org.mybatis.spring.SqlSessionTemplate$SqlSessionInterceptor.invoke(SqlSessionTemplate.java:446) ~[mybatis-spring-1.3.1.jar:1.3.1]
	at com.sun.proxy.$Proxy68.flushStatements(Unknown Source) ~[na:na]
	at org.mybatis.spring.SqlSessionTemplate.flushStatements(SqlSessionTemplate.java:394) ~[mybatis-spring-1.3.1.jar:1.3.1]
	at org.mybatis.spring.batch.MyBatisBatchItemWriter.write(MyBatisBatchItemWriter.java:131) ~[mybatis-spring-1.3.1.jar:1.3.1]
	at org.springframework.batch.core.step.item.SimpleChunkProcessor.writeItems(SimpleChunkProcessor.java:185) ~[spring-batch-core-4.0.0.RELEASE.jar:4.0.0.RELEASE]
	at org.springframework.batch.core.step.item.SimpleChunkProcessor.doWrite(SimpleChunkProcessor.java:151) ~[spring-batch-core-4.0.0.RELEASE.jar:4.0.0.RELEASE]
	at org.springframework.batch.core.step.item.SimpleChunkProcessor.write(SimpleChunkProcessor.java:284) ~[spring-batch-core-4.0.0.RELEASE.jar:4.0.0.RELEASE]
	at org.springframework.batch.core.step.item.SimpleChunkProcessor.process(SimpleChunkProcessor.java:209) ~[spring-batch-core-4.0.0.RELEASE.jar:4.0.0.RELEASE]
	at org.springframework.batch.core.step.item.ChunkOrientedTasklet.execute(ChunkOrientedTasklet.java:75) ~[spring-batch-core-4.0.0.RELEASE.jar:4.0.0.RELEASE]
	at org.springframework.batch.core.step.tasklet.TaskletStep$ChunkTransactionCallback.doInTransaction(TaskletStep.java:406) ~[spring-batch-core-4.0.0.RELEASE.jar:4.0.0.RELEASE]
	at org.springframework.batch.core.step.tasklet.TaskletStep$ChunkTransactionCallback.doInTransaction(TaskletStep.java:330) ~[spring-batch-core-4.0.0.RELEASE.jar:4.0.0.RELEASE]
	at org.springframework.transaction.support.TransactionTemplate.execute(TransactionTemplate.java:140) ~[spring-tx-5.0.4.RELEASE.jar:5.0.4.RELEASE]
	at org.springframework.batch.core.step.tasklet.TaskletStep$2.doInChunkContext(TaskletStep.java:272) ~[spring-batch-core-4.0.0.RELEASE.jar:4.0.0.RELEASE]
	at org.springframework.batch.core.scope.context.StepContextRepeatCallback.doInIteration(StepContextRepeatCallback.java:81) ~[spring-batch-core-4.0.0.RELEASE.jar:4.0.0.RELEASE]
	at org.springframework.batch.repeat.support.RepeatTemplate.getNextResult(RepeatTemplate.java:375) ~[spring-batch-infrastructure-4.0.0.RELEASE.jar:4.0.0.RELEASE]
	at org.springframework.batch.repeat.support.RepeatTemplate.executeInternal(RepeatTemplate.java:215) ~[spring-batch-infrastructure-4.0.0.RELEASE.jar:4.0.0.RELEASE]
	at org.springframework.batch.repeat.support.RepeatTemplate.iterate(RepeatTemplate.java:145) ~[spring-batch-infrastructure-4.0.0.RELEASE.jar:4.0.0.RELEASE]
	at org.springframework.batch.core.step.tasklet.TaskletStep.doExecute(TaskletStep.java:257) ~[spring-batch-core-4.0.0.RELEASE.jar:4.0.0.RELEASE]
	at org.springframework.batch.core.step.AbstractStep.execute(AbstractStep.java:200) ~[spring-batch-core-4.0.0.RELEASE.jar:4.0.0.RELEASE]
	at org.springframework.batch.core.job.SimpleStepHandler.handleStep(SimpleStepHandler.java:148) [spring-batch-core-4.0.0.RELEASE.jar:4.0.0.RELEASE]
	at org.springframework.batch.core.job.flow.JobFlowExecutor.executeStep(JobFlowExecutor.java:66) [spring-batch-core-4.0.0.RELEASE.jar:4.0.0.RELEASE]
	at org.springframework.batch.core.job.flow.support.state.StepState.handle(StepState.java:67) [spring-batch-core-4.0.0.RELEASE.jar:4.0.0.RELEASE]
	at org.springframework.batch.core.job.flow.support.SimpleFlow.resume(SimpleFlow.java:169) [spring-batch-core-4.0.0.RELEASE.jar:4.0.0.RELEASE]
	at org.springframework.batch.core.job.flow.support.SimpleFlow.start(SimpleFlow.java:144) [spring-batch-core-4.0.0.RELEASE.jar:4.0.0.RELEASE]
	at org.springframework.batch.core.job.flow.FlowJob.doExecute(FlowJob.java:136) [spring-batch-core-4.0.0.RELEASE.jar:4.0.0.RELEASE]
	at org.springframework.batch.core.job.AbstractJob.execute(AbstractJob.java:308) [spring-batch-core-4.0.0.RELEASE.jar:4.0.0.RELEASE]
	at org.springframework.batch.core.launch.support.SimpleJobLauncher$1.run(SimpleJobLauncher.java:141) [spring-batch-core-4.0.0.RELEASE.jar:4.0.0.RELEASE]
	at org.springframework.core.task.SyncTaskExecutor.execute(SyncTaskExecutor.java:50) [spring-core-5.0.4.RELEASE.jar:5.0.4.RELEASE]
	at org.springframework.batch.core.launch.support.SimpleJobLauncher.run(SimpleJobLauncher.java:134) [spring-batch-core-4.0.0.RELEASE.jar:4.0.0.RELEASE]
	at sun.reflect.NativeMethodAccessorImpl.invoke0(Native Method) ~[na:1.8.0_11]
	at sun.reflect.NativeMethodAccessorImpl.invoke(NativeMethodAccessorImpl.java:62) ~[na:1.8.0_11]
	at sun.reflect.DelegatingMethodAccessorImpl.invoke(DelegatingMethodAccessorImpl.java:43) ~[na:1.8.0_11]
	at java.lang.reflect.Method.invoke(Method.java:483) ~[na:1.8.0_11]
	at org.springframework.aop.support.AopUtils.invokeJoinpointUsingReflection(AopUtils.java:338) [spring-aop-5.0.4.RELEASE.jar:5.0.4.RELEASE]
	at org.springframework.aop.framework.ReflectiveMethodInvocation.invokeJoinpoint(ReflectiveMethodInvocation.java:197) [spring-aop-5.0.4.RELEASE.jar:5.0.4.RELEASE]
	at org.springframework.aop.framework.ReflectiveMethodInvocation.proceed(ReflectiveMethodInvocation.java:163) [spring-aop-5.0.4.RELEASE.jar:5.0.4.RELEASE]
	at org.springframework.batch.core.configuration.annotation.SimpleBatchConfiguration$PassthruAdvice.invoke(SimpleBatchConfiguration.java:127) [spring-batch-core-4.0.0.RELEASE.jar:4.0.0.RELEASE]
	at org.springframework.aop.framework.ReflectiveMethodInvocation.proceed(ReflectiveMethodInvocation.java:185) [spring-aop-5.0.4.RELEASE.jar:5.0.4.RELEASE]
	at org.springframework.aop.framework.JdkDynamicAopProxy.invoke(JdkDynamicAopProxy.java:212) [spring-aop-5.0.4.RELEASE.jar:5.0.4.RELEASE]
	at com.sun.proxy.$Proxy65.run(Unknown Source) [na:na]
	at org.springframework.boot.autoconfigure.batch.JobLauncherCommandLineRunner.execute(JobLauncherCommandLineRunner.java:163) [spring-boot-autoconfigure-2.0.0.RELEASE.jar:2.0.0.RELEASE]
	at org.springframework.boot.autoconfigure.batch.JobLauncherCommandLineRunner.executeLocalJobs(JobLauncherCommandLineRunner.java:179) [spring-boot-autoconfigure-2.0.0.RELEASE.jar:2.0.0.RELEASE]
	at org.springframework.boot.autoconfigure.batch.JobLauncherCommandLineRunner.launchJobFromProperties(JobLauncherCommandLineRunner.java:134) [spring-boot-autoconfigure-2.0.0.RELEASE.jar:2.0.0.RELEASE]
	at org.springframework.boot.autoconfigure.batch.JobLauncherCommandLineRunner.run(JobLauncherCommandLineRunner.java:128) [spring-boot-autoconfigure-2.0.0.RELEASE.jar:2.0.0.RELEASE]
	at org.springframework.boot.SpringApplication.callRunner(SpringApplication.java:790) [spring-boot-2.0.0.RELEASE.jar:2.0.0.RELEASE]
	at org.springframework.boot.SpringApplication.callRunners(SpringApplication.java:774) [spring-boot-2.0.0.RELEASE.jar:2.0.0.RELEASE]
	at org.springframework.boot.SpringApplication.run(SpringApplication.java:335) [spring-boot-2.0.0.RELEASE.jar:2.0.0.RELEASE]
	at org.springframework.boot.test.context.SpringBootContextLoader.loadContext(SpringBootContextLoader.java:138) [spring-boot-test-2.0.0.RELEASE.jar:2.0.0.RELEASE]
	at org.springframework.test.context.cache.DefaultCacheAwareContextLoaderDelegate.loadContextInternal(DefaultCacheAwareContextLoaderDelegate.java:99) [spring-test-5.0.4.RELEASE.jar:5.0.4.RELEASE]
	at org.springframework.test.context.cache.DefaultCacheAwareContextLoaderDelegate.loadContext(DefaultCacheAwareContextLoaderDelegate.java:117) [spring-test-5.0.4.RELEASE.jar:5.0.4.RELEASE]
	at org.springframework.test.context.support.DefaultTestContext.getApplicationContext(DefaultTestContext.java:107) [spring-test-5.0.4.RELEASE.jar:5.0.4.RELEASE]
	at org.springframework.test.context.support.DependencyInjectionTestExecutionListener.injectDependencies(DependencyInjectionTestExecutionListener.java:117) [spring-test-5.0.4.RELEASE.jar:5.0.4.RELEASE]
	at org.springframework.test.context.support.DependencyInjectionTestExecutionListener.prepareTestInstance(DependencyInjectionTestExecutionListener.java:83) [spring-test-5.0.4.RELEASE.jar:5.0.4.RELEASE]
	at org.springframework.boot.test.autoconfigure.SpringBootDependencyInjectionTestExecutionListener.prepareTestInstance(SpringBootDependencyInjectionTestExecutionListener.java:44) [spring-boot-test-autoconfigure-2.0.0.RELEASE.jar:2.0.0.RELEASE]
	at org.springframework.test.context.TestContextManager.prepareTestInstance(TestContextManager.java:242) [spring-test-5.0.4.RELEASE.jar:5.0.4.RELEASE]
	at org.springframework.test.context.junit4.SpringJUnit4ClassRunner.createTest(SpringJUnit4ClassRunner.java:227) [spring-test-5.0.4.RELEASE.jar:5.0.4.RELEASE]
	at org.springframework.test.context.junit4.SpringJUnit4ClassRunner$1.runReflectiveCall(SpringJUnit4ClassRunner.java:289) [spring-test-5.0.4.RELEASE.jar:5.0.4.RELEASE]
	at org.junit.internal.runners.model.ReflectiveCallable.run(ReflectiveCallable.java:12) [junit-4.12.jar:4.12]
	at org.springframework.test.context.junit4.SpringJUnit4ClassRunner.methodBlock(SpringJUnit4ClassRunner.java:291) [spring-test-5.0.4.RELEASE.jar:5.0.4.RELEASE]
	at org.springframework.test.context.junit4.SpringJUnit4ClassRunner.runChild(SpringJUnit4ClassRunner.java:246) [spring-test-5.0.4.RELEASE.jar:5.0.4.RELEASE]
	at org.springframework.test.context.junit4.SpringJUnit4ClassRunner.runChild(SpringJUnit4ClassRunner.java:97) [spring-test-5.0.4.RELEASE.jar:5.0.4.RELEASE]
	at org.junit.runners.ParentRunner$3.run(ParentRunner.java:290) [junit-4.12.jar:4.12]
	at org.junit.runners.ParentRunner$1.schedule(ParentRunner.java:71) [junit-4.12.jar:4.12]
	at org.junit.runners.ParentRunner.runChildren(ParentRunner.java:288) [junit-4.12.jar:4.12]
	at org.junit.runners.ParentRunner.access$000(ParentRunner.java:58) [junit-4.12.jar:4.12]
	at org.junit.runners.ParentRunner$2.evaluate(ParentRunner.java:268) [junit-4.12.jar:4.12]
	at org.springframework.test.context.junit4.statements.RunBeforeTestClassCallbacks.evaluate(RunBeforeTestClassCallbacks.java:61) [spring-test-5.0.4.RELEASE.jar:5.0.4.RELEASE]
	at org.springframework.test.context.junit4.statements.RunAfterTestClassCallbacks.evaluate(RunAfterTestClassCallbacks.java:70) [spring-test-5.0.4.RELEASE.jar:5.0.4.RELEASE]
	at org.junit.runners.ParentRunner.run(ParentRunner.java:363) [junit-4.12.jar:4.12]
	at org.springframework.test.context.junit4.SpringJUnit4ClassRunner.run(SpringJUnit4ClassRunner.java:190) [spring-test-5.0.4.RELEASE.jar:5.0.4.RELEASE]
	at org.gradle.api.internal.tasks.testing.junit.JUnitTestClassExecuter.runTestClass(JUnitTestClassExecuter.java:114) [gradle-testing-jvm-4.5.1.jar:4.5.1]
	at org.gradle.api.internal.tasks.testing.junit.JUnitTestClassExecuter.execute(JUnitTestClassExecuter.java:57) [gradle-testing-jvm-4.5.1.jar:4.5.1]
	at org.gradle.api.internal.tasks.testing.junit.JUnitTestClassProcessor.processTestClass(JUnitTestClassProcessor.java:66) [gradle-testing-jvm-4.5.1.jar:4.5.1]
	at org.gradle.api.internal.tasks.testing.SuiteTestClassProcessor.processTestClass(SuiteTestClassProcessor.java:51) [gradle-testing-base-4.5.1.jar:4.5.1]
	at sun.reflect.NativeMethodAccessorImpl.invoke0(Native Method) ~[na:1.8.0_11]
	at sun.reflect.NativeMethodAccessorImpl.invoke(NativeMethodAccessorImpl.java:62) ~[na:1.8.0_11]
	at sun.reflect.DelegatingMethodAccessorImpl.invoke(DelegatingMethodAccessorImpl.java:43) ~[na:1.8.0_11]
	at java.lang.reflect.Method.invoke(Method.java:483) ~[na:1.8.0_11]
	at org.gradle.internal.dispatch.ReflectionDispatch.dispatch(ReflectionDispatch.java:35) [gradle-messaging-4.5.1.jar:4.5.1]
	at org.gradle.internal.dispatch.ReflectionDispatch.dispatch(ReflectionDispatch.java:24) [gradle-messaging-4.5.1.jar:4.5.1]
	at org.gradle.internal.dispatch.ContextClassLoaderDispatch.dispatch(ContextClassLoaderDispatch.java:32) [gradle-messaging-4.5.1.jar:4.5.1]
	at org.gradle.internal.dispatch.ProxyDispatchAdapter$DispatchingInvocationHandler.invoke(ProxyDispatchAdapter.java:93) [gradle-messaging-4.5.1.jar:4.5.1]
	at com.sun.proxy.$Proxy1.processTestClass(Unknown Source) [na:na]
	at org.gradle.api.internal.tasks.testing.worker.TestWorker.processTestClass(TestWorker.java:108) [gradle-testing-base-4.5.1.jar:4.5.1]
	at sun.reflect.NativeMethodAccessorImpl.invoke0(Native Method) ~[na:1.8.0_11]
	at sun.reflect.NativeMethodAccessorImpl.invoke(NativeMethodAccessorImpl.java:62) ~[na:1.8.0_11]
	at sun.reflect.DelegatingMethodAccessorImpl.invoke(DelegatingMethodAccessorImpl.java:43) ~[na:1.8.0_11]
	at java.lang.reflect.Method.invoke(Method.java:483) ~[na:1.8.0_11]
	at org.gradle.internal.dispatch.ReflectionDispatch.dispatch(ReflectionDispatch.java:35) [gradle-messaging-4.5.1.jar:4.5.1]
	at org.gradle.internal.dispatch.ReflectionDispatch.dispatch(ReflectionDispatch.java:24) [gradle-messaging-4.5.1.jar:4.5.1]
	at org.gradle.internal.remote.internal.hub.MessageHubBackedObjectConnection$DispatchWrapper.dispatch(MessageHubBackedObjectConnection.java:146) [gradle-messaging-4.5.1.jar:4.5.1]
	at org.gradle.internal.remote.internal.hub.MessageHubBackedObjectConnection$DispatchWrapper.dispatch(MessageHubBackedObjectConnection.java:128) [gradle-messaging-4.5.1.jar:4.5.1]
	at org.gradle.internal.remote.internal.hub.MessageHub$Handler.run(MessageHub.java:404) [gradle-messaging-4.5.1.jar:4.5.1]
	at org.gradle.internal.concurrent.ExecutorPolicy$CatchAndRecordFailures.onExecute(ExecutorPolicy.java:63) [gradle-base-services-4.5.1.jar:4.5.1]
	at org.gradle.internal.concurrent.ManagedExecutorImpl$1.run(ManagedExecutorImpl.java:46) [gradle-base-services-4.5.1.jar:4.5.1]
	at java.util.concurrent.ThreadPoolExecutor.runWorker(ThreadPoolExecutor.java:1142) [na:1.8.0_11]
	at java.util.concurrent.ThreadPoolExecutor$Worker.run(ThreadPoolExecutor.java:617) [na:1.8.0_11]
	at org.gradle.internal.concurrent.ThreadFactoryImpl$ManagedThreadRunnable.run(ThreadFactoryImpl.java:55) [gradle-base-services-4.5.1.jar:4.5.1]
	at java.lang.Thread.run(Thread.java:745) [na:1.8.0_11]
Caused by: java.sql.BatchUpdateException: Duplicate entry 'ABCDE' for key 'PRIMARY'
	at sun.reflect.NativeConstructorAccessorImpl.newInstance0(Native Method) ~[na:1.8.0_11]
	at sun.reflect.NativeConstructorAccessorImpl.newInstance(NativeConstructorAccessorImpl.java:62) ~[na:1.8.0_11]
	at sun.reflect.DelegatingConstructorAccessorImpl.newInstance(DelegatingConstructorAccessorImpl.java:45) ~[na:1.8.0_11]
	at java.lang.reflect.Constructor.newInstance(Constructor.java:408) ~[na:1.8.0_11]
	at com.mysql.jdbc.Util.handleNewInstance(Util.java:425) ~[mysql-connector-java-5.1.45-bin.jar:5.1.45]
	at com.mysql.jdbc.Util.getInstance(Util.java:408) ~[mysql-connector-java-5.1.45-bin.jar:5.1.45]
	at com.mysql.jdbc.SQLError.createBatchUpdateException(SQLError.java:1163) ~[mysql-connector-java-5.1.45-bin.jar:5.1.45]
	at com.mysql.jdbc.PreparedStatement.executeBatchSerially(PreparedStatement.java:1778) ~[mysql-connector-java-5.1.45-bin.jar:5.1.45]
	at com.mysql.jdbc.PreparedStatement.executeBatchInternal(PreparedStatement.java:1262) ~[mysql-connector-java-5.1.45-bin.jar:5.1.45]
	at com.mysql.jdbc.StatementImpl.executeBatch(StatementImpl.java:970) ~[mysql-connector-java-5.1.45-bin.jar:5.1.45]
	at com.zaxxer.hikari.pool.ProxyStatement.executeBatch(ProxyStatement.java:128) ~[HikariCP-2.7.8.jar:na]
	at com.zaxxer.hikari.pool.HikariProxyPreparedStatement.executeBatch(HikariProxyPreparedStatement.java) ~[HikariCP-2.7.8.jar:na]
	at org.apache.ibatis.executor.BatchExecutor.doFlushStatements(BatchExecutor.java:122) ~[mybatis-3.4.5.jar:3.4.5]
	at org.apache.ibatis.executor.BaseExecutor.flushStatements(BaseExecutor.java:129) ~[mybatis-3.4.5.jar:3.4.5]
	at org.apache.ibatis.executor.BaseExecutor.flushStatements(BaseExecutor.java:122) ~[mybatis-3.4.5.jar:3.4.5]
	at org.apache.ibatis.executor.CachingExecutor.flushStatements(CachingExecutor.java:114) ~[mybatis-3.4.5.jar:3.4.5]
	at org.apache.ibatis.session.defaults.DefaultSqlSession.flushStatements(DefaultSqlSession.java:253) ~[mybatis-3.4.5.jar:3.4.5]
	at sun.reflect.NativeMethodAccessorImpl.invoke0(Native Method) ~[na:1.8.0_11]
	at sun.reflect.NativeMethodAccessorImpl.invoke(NativeMethodAccessorImpl.java:62) ~[na:1.8.0_11]
	at sun.reflect.DelegatingMethodAccessorImpl.invoke(DelegatingMethodAccessorImpl.java:43) ~[na:1.8.0_11]
	at java.lang.reflect.Method.invoke(Method.java:483) ~[na:1.8.0_11]
	at org.mybatis.spring.SqlSessionTemplate$SqlSessionInterceptor.invoke(SqlSessionTemplate.java:433) ~[mybatis-spring-1.3.1.jar:1.3.1]
	... 98 common frames omitted
Caused by: com.mysql.jdbc.exceptions.jdbc4.MySQLIntegrityConstraintViolationException: Duplicate entry 'ABCDE' for key 'PRIMARY'
	at sun.reflect.NativeConstructorAccessorImpl.newInstance0(Native Method) ~[na:1.8.0_11]
	at sun.reflect.NativeConstructorAccessorImpl.newInstance(NativeConstructorAccessorImpl.java:62) ~[na:1.8.0_11]
	at sun.reflect.DelegatingConstructorAccessorImpl.newInstance(DelegatingConstructorAccessorImpl.java:45) ~[na:1.8.0_11]
	at java.lang.reflect.Constructor.newInstance(Constructor.java:408) ~[na:1.8.0_11]
	at com.mysql.jdbc.Util.handleNewInstance(Util.java:425) ~[mysql-connector-java-5.1.45-bin.jar:5.1.45]
	at com.mysql.jdbc.Util.getInstance(Util.java:408) ~[mysql-connector-java-5.1.45-bin.jar:5.1.45]
	at com.mysql.jdbc.SQLError.createSQLException(SQLError.java:936) ~[mysql-connector-java-5.1.45-bin.jar:5.1.45]
	at com.mysql.jdbc.MysqlIO.checkErrorPacket(MysqlIO.java:3973) ~[mysql-connector-java-5.1.45-bin.jar:5.1.45]
	at com.mysql.jdbc.MysqlIO.checkErrorPacket(MysqlIO.java:3909) ~[mysql-connector-java-5.1.45-bin.jar:5.1.45]
	at com.mysql.jdbc.MysqlIO.sendCommand(MysqlIO.java:2527) ~[mysql-connector-java-5.1.45-bin.jar:5.1.45]
	at com.mysql.jdbc.MysqlIO.sqlQueryDirect(MysqlIO.java:2680) ~[mysql-connector-java-5.1.45-bin.jar:5.1.45]
	at com.mysql.jdbc.ConnectionImpl.execSQL(ConnectionImpl.java:2484) ~[mysql-connector-java-5.1.45-bin.jar:5.1.45]
	at com.mysql.jdbc.PreparedStatement.executeInternal(PreparedStatement.java:1858) ~[mysql-connector-java-5.1.45-bin.jar:5.1.45]
	at com.mysql.jdbc.PreparedStatement.executeUpdateInternal(PreparedStatement.java:2079) ~[mysql-connector-java-5.1.45-bin.jar:5.1.45]
	at com.mysql.jdbc.PreparedStatement.executeBatchSerially(PreparedStatement.java:1756) ~[mysql-connector-java-5.1.45-bin.jar:5.1.45]
	... 112 common frames omitted

2018-03-19 22:23:59.711  INFO 16576 --- [    Test worker] o.s.b.c.l.support.SimpleJobLauncher      : Job: [FlowJob: [name=importOrgJob]] completed with the following parameters: [{run.id=5, -spring.batch.job.names=importOrgJob}] and the following status: [FAILED]
2018-03-19 22:23:59.774  INFO 16576 --- [    Test worker] o.s.b.c.l.support.SimpleJobLauncher      : Job: [FlowJob: [name=importUserJob]] launched with the following parameters: [{run.id=15, -spring.batch.job.names=importUserJob}]
2018-03-19 22:23:59.827  INFO 16576 --- [    Test worker] o.s.batch.core.job.SimpleStepHandler     : Executing step: [userSyncStep]
2018-03-19 22:23:59.840  INFO 16576 --- [    Test worker] c.h.h.e.b.j.processor.UserItemProcessor  : Converting (stfno: 8911520, nm: ) into (stfno: 8911520, nm: )
2018-03-19 22:23:59.840  INFO 16576 --- [    Test worker] c.h.h.e.b.j.processor.UserItemProcessor  : Converting (stfno: 8913744, nm: ) into (stfno: 8913744, nm: )
2018-03-19 22:23:59.849 ERROR 16576 --- [    Test worker] o.s.batch.core.step.AbstractStep         : Encountered an error executing step userSyncStep in job importUserJob

org.springframework.dao.DuplicateKeyException: ep.batch.mapper.selectUser.insertUser (batch index #1) failed. Cause: java.sql.BatchUpdateException: Duplicate entry '8913744' for key 'PRIMARY'
; ]; Duplicate entry '8913744' for key 'PRIMARY'; nested exception is java.sql.BatchUpdateException: Duplicate entry '8913744' for key 'PRIMARY'
	at org.springframework.jdbc.support.SQLErrorCodeSQLExceptionTranslator.doTranslate(SQLErrorCodeSQLExceptionTranslator.java:243) ~[spring-jdbc-5.0.4.RELEASE.jar:5.0.4.RELEASE]
	at org.springframework.jdbc.support.AbstractFallbackSQLExceptionTranslator.translate(AbstractFallbackSQLExceptionTranslator.java:72) ~[spring-jdbc-5.0.4.RELEASE.jar:5.0.4.RELEASE]
	at org.mybatis.spring.MyBatisExceptionTranslator.translateExceptionIfPossible(MyBatisExceptionTranslator.java:73) ~[mybatis-spring-1.3.1.jar:1.3.1]
	at org.mybatis.spring.SqlSessionTemplate$SqlSessionInterceptor.invoke(SqlSessionTemplate.java:446) ~[mybatis-spring-1.3.1.jar:1.3.1]
	at com.sun.proxy.$Proxy68.flushStatements(Unknown Source) ~[na:na]
	at org.mybatis.spring.SqlSessionTemplate.flushStatements(SqlSessionTemplate.java:394) ~[mybatis-spring-1.3.1.jar:1.3.1]
	at org.mybatis.spring.batch.MyBatisBatchItemWriter.write(MyBatisBatchItemWriter.java:131) ~[mybatis-spring-1.3.1.jar:1.3.1]
	at org.springframework.batch.core.step.item.SimpleChunkProcessor.writeItems(SimpleChunkProcessor.java:185) ~[spring-batch-core-4.0.0.RELEASE.jar:4.0.0.RELEASE]
	at org.springframework.batch.core.step.item.SimpleChunkProcessor.doWrite(SimpleChunkProcessor.java:151) ~[spring-batch-core-4.0.0.RELEASE.jar:4.0.0.RELEASE]
	at org.springframework.batch.core.step.item.SimpleChunkProcessor.write(SimpleChunkProcessor.java:284) ~[spring-batch-core-4.0.0.RELEASE.jar:4.0.0.RELEASE]
	at org.springframework.batch.core.step.item.SimpleChunkProcessor.process(SimpleChunkProcessor.java:209) ~[spring-batch-core-4.0.0.RELEASE.jar:4.0.0.RELEASE]
	at org.springframework.batch.core.step.item.ChunkOrientedTasklet.execute(ChunkOrientedTasklet.java:75) ~[spring-batch-core-4.0.0.RELEASE.jar:4.0.0.RELEASE]
	at org.springframework.batch.core.step.tasklet.TaskletStep$ChunkTransactionCallback.doInTransaction(TaskletStep.java:406) ~[spring-batch-core-4.0.0.RELEASE.jar:4.0.0.RELEASE]
	at org.springframework.batch.core.step.tasklet.TaskletStep$ChunkTransactionCallback.doInTransaction(TaskletStep.java:330) ~[spring-batch-core-4.0.0.RELEASE.jar:4.0.0.RELEASE]
	at org.springframework.transaction.support.TransactionTemplate.execute(TransactionTemplate.java:140) ~[spring-tx-5.0.4.RELEASE.jar:5.0.4.RELEASE]
	at org.springframework.batch.core.step.tasklet.TaskletStep$2.doInChunkContext(TaskletStep.java:272) ~[spring-batch-core-4.0.0.RELEASE.jar:4.0.0.RELEASE]
	at org.springframework.batch.core.scope.context.StepContextRepeatCallback.doInIteration(StepContextRepeatCallback.java:81) ~[spring-batch-core-4.0.0.RELEASE.jar:4.0.0.RELEASE]
	at org.springframework.batch.repeat.support.RepeatTemplate.getNextResult(RepeatTemplate.java:375) ~[spring-batch-infrastructure-4.0.0.RELEASE.jar:4.0.0.RELEASE]
	at org.springframework.batch.repeat.support.RepeatTemplate.executeInternal(RepeatTemplate.java:215) ~[spring-batch-infrastructure-4.0.0.RELEASE.jar:4.0.0.RELEASE]
	at org.springframework.batch.repeat.support.RepeatTemplate.iterate(RepeatTemplate.java:145) ~[spring-batch-infrastructure-4.0.0.RELEASE.jar:4.0.0.RELEASE]
	at org.springframework.batch.core.step.tasklet.TaskletStep.doExecute(TaskletStep.java:257) ~[spring-batch-core-4.0.0.RELEASE.jar:4.0.0.RELEASE]
	at org.springframework.batch.core.step.AbstractStep.execute(AbstractStep.java:200) ~[spring-batch-core-4.0.0.RELEASE.jar:4.0.0.RELEASE]
	at org.springframework.batch.core.job.SimpleStepHandler.handleStep(SimpleStepHandler.java:148) [spring-batch-core-4.0.0.RELEASE.jar:4.0.0.RELEASE]
	at org.springframework.batch.core.job.flow.JobFlowExecutor.executeStep(JobFlowExecutor.java:66) [spring-batch-core-4.0.0.RELEASE.jar:4.0.0.RELEASE]
	at org.springframework.batch.core.job.flow.support.state.StepState.handle(StepState.java:67) [spring-batch-core-4.0.0.RELEASE.jar:4.0.0.RELEASE]
	at org.springframework.batch.core.job.flow.support.SimpleFlow.resume(SimpleFlow.java:169) [spring-batch-core-4.0.0.RELEASE.jar:4.0.0.RELEASE]
	at org.springframework.batch.core.job.flow.support.SimpleFlow.start(SimpleFlow.java:144) [spring-batch-core-4.0.0.RELEASE.jar:4.0.0.RELEASE]
	at org.springframework.batch.core.job.flow.FlowJob.doExecute(FlowJob.java:136) [spring-batch-core-4.0.0.RELEASE.jar:4.0.0.RELEASE]
	at org.springframework.batch.core.job.AbstractJob.execute(AbstractJob.java:308) [spring-batch-core-4.0.0.RELEASE.jar:4.0.0.RELEASE]
	at org.springframework.batch.core.launch.support.SimpleJobLauncher$1.run(SimpleJobLauncher.java:141) [spring-batch-core-4.0.0.RELEASE.jar:4.0.0.RELEASE]
	at org.springframework.core.task.SyncTaskExecutor.execute(SyncTaskExecutor.java:50) [spring-core-5.0.4.RELEASE.jar:5.0.4.RELEASE]
	at org.springframework.batch.core.launch.support.SimpleJobLauncher.run(SimpleJobLauncher.java:134) [spring-batch-core-4.0.0.RELEASE.jar:4.0.0.RELEASE]
	at sun.reflect.NativeMethodAccessorImpl.invoke0(Native Method) ~[na:1.8.0_11]
	at sun.reflect.NativeMethodAccessorImpl.invoke(NativeMethodAccessorImpl.java:62) ~[na:1.8.0_11]
	at sun.reflect.DelegatingMethodAccessorImpl.invoke(DelegatingMethodAccessorImpl.java:43) ~[na:1.8.0_11]
	at java.lang.reflect.Method.invoke(Method.java:483) ~[na:1.8.0_11]
	at org.springframework.aop.support.AopUtils.invokeJoinpointUsingReflection(AopUtils.java:338) [spring-aop-5.0.4.RELEASE.jar:5.0.4.RELEASE]
	at org.springframework.aop.framework.ReflectiveMethodInvocation.invokeJoinpoint(ReflectiveMethodInvocation.java:197) [spring-aop-5.0.4.RELEASE.jar:5.0.4.RELEASE]
	at org.springframework.aop.framework.ReflectiveMethodInvocation.proceed(ReflectiveMethodInvocation.java:163) [spring-aop-5.0.4.RELEASE.jar:5.0.4.RELEASE]
	at org.springframework.batch.core.configuration.annotation.SimpleBatchConfiguration$PassthruAdvice.invoke(SimpleBatchConfiguration.java:127) [spring-batch-core-4.0.0.RELEASE.jar:4.0.0.RELEASE]
	at org.springframework.aop.framework.ReflectiveMethodInvocation.proceed(ReflectiveMethodInvocation.java:185) [spring-aop-5.0.4.RELEASE.jar:5.0.4.RELEASE]
	at org.springframework.aop.framework.JdkDynamicAopProxy.invoke(JdkDynamicAopProxy.java:212) [spring-aop-5.0.4.RELEASE.jar:5.0.4.RELEASE]
	at com.sun.proxy.$Proxy65.run(Unknown Source) [na:na]
	at org.springframework.boot.autoconfigure.batch.JobLauncherCommandLineRunner.execute(JobLauncherCommandLineRunner.java:163) [spring-boot-autoconfigure-2.0.0.RELEASE.jar:2.0.0.RELEASE]
	at org.springframework.boot.autoconfigure.batch.JobLauncherCommandLineRunner.executeLocalJobs(JobLauncherCommandLineRunner.java:179) [spring-boot-autoconfigure-2.0.0.RELEASE.jar:2.0.0.RELEASE]
	at org.springframework.boot.autoconfigure.batch.JobLauncherCommandLineRunner.launchJobFromProperties(JobLauncherCommandLineRunner.java:134) [spring-boot-autoconfigure-2.0.0.RELEASE.jar:2.0.0.RELEASE]
	at org.springframework.boot.autoconfigure.batch.JobLauncherCommandLineRunner.run(JobLauncherCommandLineRunner.java:128) [spring-boot-autoconfigure-2.0.0.RELEASE.jar:2.0.0.RELEASE]
	at org.springframework.boot.SpringApplication.callRunner(SpringApplication.java:790) [spring-boot-2.0.0.RELEASE.jar:2.0.0.RELEASE]
	at org.springframework.boot.SpringApplication.callRunners(SpringApplication.java:774) [spring-boot-2.0.0.RELEASE.jar:2.0.0.RELEASE]
	at org.springframework.boot.SpringApplication.run(SpringApplication.java:335) [spring-boot-2.0.0.RELEASE.jar:2.0.0.RELEASE]
	at org.springframework.boot.test.context.SpringBootContextLoader.loadContext(SpringBootContextLoader.java:138) [spring-boot-test-2.0.0.RELEASE.jar:2.0.0.RELEASE]
	at org.springframework.test.context.cache.DefaultCacheAwareContextLoaderDelegate.loadContextInternal(DefaultCacheAwareContextLoaderDelegate.java:99) [spring-test-5.0.4.RELEASE.jar:5.0.4.RELEASE]
	at org.springframework.test.context.cache.DefaultCacheAwareContextLoaderDelegate.loadContext(DefaultCacheAwareContextLoaderDelegate.java:117) [spring-test-5.0.4.RELEASE.jar:5.0.4.RELEASE]
	at org.springframework.test.context.support.DefaultTestContext.getApplicationContext(DefaultTestContext.java:107) [spring-test-5.0.4.RELEASE.jar:5.0.4.RELEASE]
	at org.springframework.test.context.support.DependencyInjectionTestExecutionListener.injectDependencies(DependencyInjectionTestExecutionListener.java:117) [spring-test-5.0.4.RELEASE.jar:5.0.4.RELEASE]
	at org.springframework.test.context.support.DependencyInjectionTestExecutionListener.prepareTestInstance(DependencyInjectionTestExecutionListener.java:83) [spring-test-5.0.4.RELEASE.jar:5.0.4.RELEASE]
	at org.springframework.boot.test.autoconfigure.SpringBootDependencyInjectionTestExecutionListener.prepareTestInstance(SpringBootDependencyInjectionTestExecutionListener.java:44) [spring-boot-test-autoconfigure-2.0.0.RELEASE.jar:2.0.0.RELEASE]
	at org.springframework.test.context.TestContextManager.prepareTestInstance(TestContextManager.java:242) [spring-test-5.0.4.RELEASE.jar:5.0.4.RELEASE]
	at org.springframework.test.context.junit4.SpringJUnit4ClassRunner.createTest(SpringJUnit4ClassRunner.java:227) [spring-test-5.0.4.RELEASE.jar:5.0.4.RELEASE]
	at org.springframework.test.context.junit4.SpringJUnit4ClassRunner$1.runReflectiveCall(SpringJUnit4ClassRunner.java:289) [spring-test-5.0.4.RELEASE.jar:5.0.4.RELEASE]
	at org.junit.internal.runners.model.ReflectiveCallable.run(ReflectiveCallable.java:12) [junit-4.12.jar:4.12]
	at org.springframework.test.context.junit4.SpringJUnit4ClassRunner.methodBlock(SpringJUnit4ClassRunner.java:291) [spring-test-5.0.4.RELEASE.jar:5.0.4.RELEASE]
	at org.springframework.test.context.junit4.SpringJUnit4ClassRunner.runChild(SpringJUnit4ClassRunner.java:246) [spring-test-5.0.4.RELEASE.jar:5.0.4.RELEASE]
	at org.springframework.test.context.junit4.SpringJUnit4ClassRunner.runChild(SpringJUnit4ClassRunner.java:97) [spring-test-5.0.4.RELEASE.jar:5.0.4.RELEASE]
	at org.junit.runners.ParentRunner$3.run(ParentRunner.java:290) [junit-4.12.jar:4.12]
	at org.junit.runners.ParentRunner$1.schedule(ParentRunner.java:71) [junit-4.12.jar:4.12]
	at org.junit.runners.ParentRunner.runChildren(ParentRunner.java:288) [junit-4.12.jar:4.12]
	at org.junit.runners.ParentRunner.access$000(ParentRunner.java:58) [junit-4.12.jar:4.12]
	at org.junit.runners.ParentRunner$2.evaluate(ParentRunner.java:268) [junit-4.12.jar:4.12]
	at org.springframework.test.context.junit4.statements.RunBeforeTestClassCallbacks.evaluate(RunBeforeTestClassCallbacks.java:61) [spring-test-5.0.4.RELEASE.jar:5.0.4.RELEASE]
	at org.springframework.test.context.junit4.statements.RunAfterTestClassCallbacks.evaluate(RunAfterTestClassCallbacks.java:70) [spring-test-5.0.4.RELEASE.jar:5.0.4.RELEASE]
	at org.junit.runners.ParentRunner.run(ParentRunner.java:363) [junit-4.12.jar:4.12]
	at org.springframework.test.context.junit4.SpringJUnit4ClassRunner.run(SpringJUnit4ClassRunner.java:190) [spring-test-5.0.4.RELEASE.jar:5.0.4.RELEASE]
	at org.gradle.api.internal.tasks.testing.junit.JUnitTestClassExecuter.runTestClass(JUnitTestClassExecuter.java:114) [gradle-testing-jvm-4.5.1.jar:4.5.1]
	at org.gradle.api.internal.tasks.testing.junit.JUnitTestClassExecuter.execute(JUnitTestClassExecuter.java:57) [gradle-testing-jvm-4.5.1.jar:4.5.1]
	at org.gradle.api.internal.tasks.testing.junit.JUnitTestClassProcessor.processTestClass(JUnitTestClassProcessor.java:66) [gradle-testing-jvm-4.5.1.jar:4.5.1]
	at org.gradle.api.internal.tasks.testing.SuiteTestClassProcessor.processTestClass(SuiteTestClassProcessor.java:51) [gradle-testing-base-4.5.1.jar:4.5.1]
	at sun.reflect.NativeMethodAccessorImpl.invoke0(Native Method) ~[na:1.8.0_11]
	at sun.reflect.NativeMethodAccessorImpl.invoke(NativeMethodAccessorImpl.java:62) ~[na:1.8.0_11]
	at sun.reflect.DelegatingMethodAccessorImpl.invoke(DelegatingMethodAccessorImpl.java:43) ~[na:1.8.0_11]
	at java.lang.reflect.Method.invoke(Method.java:483) ~[na:1.8.0_11]
	at org.gradle.internal.dispatch.ReflectionDispatch.dispatch(ReflectionDispatch.java:35) [gradle-messaging-4.5.1.jar:4.5.1]
	at org.gradle.internal.dispatch.ReflectionDispatch.dispatch(ReflectionDispatch.java:24) [gradle-messaging-4.5.1.jar:4.5.1]
	at org.gradle.internal.dispatch.ContextClassLoaderDispatch.dispatch(ContextClassLoaderDispatch.java:32) [gradle-messaging-4.5.1.jar:4.5.1]
	at org.gradle.internal.dispatch.ProxyDispatchAdapter$DispatchingInvocationHandler.invoke(ProxyDispatchAdapter.java:93) [gradle-messaging-4.5.1.jar:4.5.1]
	at com.sun.proxy.$Proxy1.processTestClass(Unknown Source) [na:na]
	at org.gradle.api.internal.tasks.testing.worker.TestWorker.processTestClass(TestWorker.java:108) [gradle-testing-base-4.5.1.jar:4.5.1]
	at sun.reflect.NativeMethodAccessorImpl.invoke0(Native Method) ~[na:1.8.0_11]
	at sun.reflect.NativeMethodAccessorImpl.invoke(NativeMethodAccessorImpl.java:62) ~[na:1.8.0_11]
	at sun.reflect.DelegatingMethodAccessorImpl.invoke(DelegatingMethodAccessorImpl.java:43) ~[na:1.8.0_11]
	at java.lang.reflect.Method.invoke(Method.java:483) ~[na:1.8.0_11]
	at org.gradle.internal.dispatch.ReflectionDispatch.dispatch(ReflectionDispatch.java:35) [gradle-messaging-4.5.1.jar:4.5.1]
	at org.gradle.internal.dispatch.ReflectionDispatch.dispatch(ReflectionDispatch.java:24) [gradle-messaging-4.5.1.jar:4.5.1]
	at org.gradle.internal.remote.internal.hub.MessageHubBackedObjectConnection$DispatchWrapper.dispatch(MessageHubBackedObjectConnection.java:146) [gradle-messaging-4.5.1.jar:4.5.1]
	at org.gradle.internal.remote.internal.hub.MessageHubBackedObjectConnection$DispatchWrapper.dispatch(MessageHubBackedObjectConnection.java:128) [gradle-messaging-4.5.1.jar:4.5.1]
	at org.gradle.internal.remote.internal.hub.MessageHub$Handler.run(MessageHub.java:404) [gradle-messaging-4.5.1.jar:4.5.1]
	at org.gradle.internal.concurrent.ExecutorPolicy$CatchAndRecordFailures.onExecute(ExecutorPolicy.java:63) [gradle-base-services-4.5.1.jar:4.5.1]
	at org.gradle.internal.concurrent.ManagedExecutorImpl$1.run(ManagedExecutorImpl.java:46) [gradle-base-services-4.5.1.jar:4.5.1]
	at java.util.concurrent.ThreadPoolExecutor.runWorker(ThreadPoolExecutor.java:1142) [na:1.8.0_11]
	at java.util.concurrent.ThreadPoolExecutor$Worker.run(ThreadPoolExecutor.java:617) [na:1.8.0_11]
	at org.gradle.internal.concurrent.ThreadFactoryImpl$ManagedThreadRunnable.run(ThreadFactoryImpl.java:55) [gradle-base-services-4.5.1.jar:4.5.1]
	at java.lang.Thread.run(Thread.java:745) [na:1.8.0_11]
Caused by: java.sql.BatchUpdateException: Duplicate entry '8913744' for key 'PRIMARY'
	at sun.reflect.NativeConstructorAccessorImpl.newInstance0(Native Method) ~[na:1.8.0_11]
	at sun.reflect.NativeConstructorAccessorImpl.newInstance(NativeConstructorAccessorImpl.java:62) ~[na:1.8.0_11]
	at sun.reflect.DelegatingConstructorAccessorImpl.newInstance(DelegatingConstructorAccessorImpl.java:45) ~[na:1.8.0_11]
	at java.lang.reflect.Constructor.newInstance(Constructor.java:408) ~[na:1.8.0_11]
	at com.mysql.jdbc.Util.handleNewInstance(Util.java:425) ~[mysql-connector-java-5.1.45-bin.jar:5.1.45]
	at com.mysql.jdbc.Util.getInstance(Util.java:408) ~[mysql-connector-java-5.1.45-bin.jar:5.1.45]
	at com.mysql.jdbc.SQLError.createBatchUpdateException(SQLError.java:1163) ~[mysql-connector-java-5.1.45-bin.jar:5.1.45]
	at com.mysql.jdbc.PreparedStatement.executeBatchSerially(PreparedStatement.java:1778) ~[mysql-connector-java-5.1.45-bin.jar:5.1.45]
	at com.mysql.jdbc.PreparedStatement.executeBatchInternal(PreparedStatement.java:1262) ~[mysql-connector-java-5.1.45-bin.jar:5.1.45]
	at com.mysql.jdbc.StatementImpl.executeBatch(StatementImpl.java:970) ~[mysql-connector-java-5.1.45-bin.jar:5.1.45]
	at com.zaxxer.hikari.pool.ProxyStatement.executeBatch(ProxyStatement.java:128) ~[HikariCP-2.7.8.jar:na]
	at com.zaxxer.hikari.pool.HikariProxyPreparedStatement.executeBatch(HikariProxyPreparedStatement.java) ~[HikariCP-2.7.8.jar:na]
	at org.apache.ibatis.executor.BatchExecutor.doFlushStatements(BatchExecutor.java:122) ~[mybatis-3.4.5.jar:3.4.5]
	at org.apache.ibatis.executor.BaseExecutor.flushStatements(BaseExecutor.java:129) ~[mybatis-3.4.5.jar:3.4.5]
	at org.apache.ibatis.executor.BaseExecutor.flushStatements(BaseExecutor.java:122) ~[mybatis-3.4.5.jar:3.4.5]
	at org.apache.ibatis.executor.CachingExecutor.flushStatements(CachingExecutor.java:114) ~[mybatis-3.4.5.jar:3.4.5]
	at org.apache.ibatis.session.defaults.DefaultSqlSession.flushStatements(DefaultSqlSession.java:253) ~[mybatis-3.4.5.jar:3.4.5]
	at sun.reflect.NativeMethodAccessorImpl.invoke0(Native Method) ~[na:1.8.0_11]
	at sun.reflect.NativeMethodAccessorImpl.invoke(NativeMethodAccessorImpl.java:62) ~[na:1.8.0_11]
	at sun.reflect.DelegatingMethodAccessorImpl.invoke(DelegatingMethodAccessorImpl.java:43) ~[na:1.8.0_11]
	at java.lang.reflect.Method.invoke(Method.java:483) ~[na:1.8.0_11]
	at org.mybatis.spring.SqlSessionTemplate$SqlSessionInterceptor.invoke(SqlSessionTemplate.java:433) ~[mybatis-spring-1.3.1.jar:1.3.1]
	... 98 common frames omitted
Caused by: com.mysql.jdbc.exceptions.jdbc4.MySQLIntegrityConstraintViolationException: Duplicate entry '8913744' for key 'PRIMARY'
	at sun.reflect.NativeConstructorAccessorImpl.newInstance0(Native Method) ~[na:1.8.0_11]
	at sun.reflect.NativeConstructorAccessorImpl.newInstance(NativeConstructorAccessorImpl.java:62) ~[na:1.8.0_11]
	at sun.reflect.DelegatingConstructorAccessorImpl.newInstance(DelegatingConstructorAccessorImpl.java:45) ~[na:1.8.0_11]
	at java.lang.reflect.Constructor.newInstance(Constructor.java:408) ~[na:1.8.0_11]
	at com.mysql.jdbc.Util.handleNewInstance(Util.java:425) ~[mysql-connector-java-5.1.45-bin.jar:5.1.45]
	at com.mysql.jdbc.Util.getInstance(Util.java:408) ~[mysql-connector-java-5.1.45-bin.jar:5.1.45]
	at com.mysql.jdbc.SQLError.createSQLException(SQLError.java:936) ~[mysql-connector-java-5.1.45-bin.jar:5.1.45]
	at com.mysql.jdbc.MysqlIO.checkErrorPacket(MysqlIO.java:3973) ~[mysql-connector-java-5.1.45-bin.jar:5.1.45]
	at com.mysql.jdbc.MysqlIO.checkErrorPacket(MysqlIO.java:3909) ~[mysql-connector-java-5.1.45-bin.jar:5.1.45]
	at com.mysql.jdbc.MysqlIO.sendCommand(MysqlIO.java:2527) ~[mysql-connector-java-5.1.45-bin.jar:5.1.45]
	at com.mysql.jdbc.MysqlIO.sqlQueryDirect(MysqlIO.java:2680) ~[mysql-connector-java-5.1.45-bin.jar:5.1.45]
	at com.mysql.jdbc.ConnectionImpl.execSQL(ConnectionImpl.java:2484) ~[mysql-connector-java-5.1.45-bin.jar:5.1.45]
	at com.mysql.jdbc.PreparedStatement.executeInternal(PreparedStatement.java:1858) ~[mysql-connector-java-5.1.45-bin.jar:5.1.45]
	at com.mysql.jdbc.PreparedStatement.executeUpdateInternal(PreparedStatement.java:2079) ~[mysql-connector-java-5.1.45-bin.jar:5.1.45]
	at com.mysql.jdbc.PreparedStatement.executeBatchSerially(PreparedStatement.java:1756) ~[mysql-connector-java-5.1.45-bin.jar:5.1.45]
	... 112 common frames omitted

2018-03-19 22:23:59.877  INFO 16576 --- [    Test worker] o.s.b.c.l.support.SimpleJobLauncher      : Job: [FlowJob: [name=importUserJob]] completed with the following parameters: [{run.id=15, -spring.batch.job.names=importUserJob}] and the following status: [FAILED]
]]></system-out>
  <system-err><![CDATA[Mon Mar 19 22:23:57 KST 2018 WARN: Establishing SSL connection without server's identity verification is not recommended. According to MySQL 5.5.45+, 5.6.26+ and 5.7.6+ requirements SSL connection must be established by default if explicit option isn't set. For compliance with existing applications not using SSL the verifyServerCertificate property is set to 'false'. You need either to explicitly disable SSL by setting useSSL=false, or set useSSL=true and provide truststore for server certificate verification.
Mon Mar 19 22:23:58 KST 2018 WARN: Establishing SSL connection without server's identity verification is not recommended. According to MySQL 5.5.45+, 5.6.26+ and 5.7.6+ requirements SSL connection must be established by default if explicit option isn't set. For compliance with existing applications not using SSL the verifyServerCertificate property is set to 'false'. You need either to explicitly disable SSL by setting useSSL=false, or set useSSL=true and provide truststore for server certificate verification.
Mon Mar 19 22:23:58 KST 2018 WARN: Establishing SSL connection without server's identity verification is not recommended. According to MySQL 5.5.45+, 5.6.26+ and 5.7.6+ requirements SSL connection must be established by default if explicit option isn't set. For compliance with existing applications not using SSL the verifyServerCertificate property is set to 'false'. You need either to explicitly disable SSL by setting useSSL=false, or set useSSL=true and provide truststore for server certificate verification.
Mon Mar 19 22:23:58 KST 2018 WARN: Establishing SSL connection without server's identity verification is not recommended. According to MySQL 5.5.45+, 5.6.26+ and 5.7.6+ requirements SSL connection must be established by default if explicit option isn't set. For compliance with existing applications not using SSL the verifyServerCertificate property is set to 'false'. You need either to explicitly disable SSL by setting useSSL=false, or set useSSL=true and provide truststore for server certificate verification.
Mon Mar 19 22:23:58 KST 2018 WARN: Establishing SSL connection without server's identity verification is not recommended. According to MySQL 5.5.45+, 5.6.26+ and 5.7.6+ requirements SSL connection must be established by default if explicit option isn't set. For compliance with existing applications not using SSL the verifyServerCertificate property is set to 'false'. You need either to explicitly disable SSL by setting useSSL=false, or set useSSL=true and provide truststore for server certificate verification.
Mon Mar 19 22:23:58 KST 2018 WARN: Establishing SSL connection without server's identity verification is not recommended. According to MySQL 5.5.45+, 5.6.26+ and 5.7.6+ requirements SSL connection must be established by default if explicit option isn't set. For compliance with existing applications not using SSL the verifyServerCertificate property is set to 'false'. You need either to explicitly disable SSL by setting useSSL=false, or set useSSL=true and provide truststore for server certificate verification.
Mon Mar 19 22:23:58 KST 2018 WARN: Establishing SSL connection without server's identity verification is not recommended. According to MySQL 5.5.45+, 5.6.26+ and 5.7.6+ requirements SSL connection must be established by default if explicit option isn't set. For compliance with existing applications not using SSL the verifyServerCertificate property is set to 'false'. You need either to explicitly disable SSL by setting useSSL=false, or set useSSL=true and provide truststore for server certificate verification.
Mon Mar 19 22:23:58 KST 2018 WARN: Establishing SSL connection without server's identity verification is not recommended. According to MySQL 5.5.45+, 5.6.26+ and 5.7.6+ requirements SSL connection must be established by default if explicit option isn't set. For compliance with existing applications not using SSL the verifyServerCertificate property is set to 'false'. You need either to explicitly disable SSL by setting useSSL=false, or set useSSL=true and provide truststore for server certificate verification.
Mon Mar 19 22:23:58 KST 2018 WARN: Establishing SSL connection without server's identity verification is not recommended. According to MySQL 5.5.45+, 5.6.26+ and 5.7.6+ requirements SSL connection must be established by default if explicit option isn't set. For compliance with existing applications not using SSL the verifyServerCertificate property is set to 'false'. You need either to explicitly disable SSL by setting useSSL=false, or set useSSL=true and provide truststore for server certificate verification.
Mon Mar 19 22:23:58 KST 2018 WARN: Establishing SSL connection without server's identity verification is not recommended. According to MySQL 5.5.45+, 5.6.26+ and 5.7.6+ requirements SSL connection must be established by default if explicit option isn't set. For compliance with existing applications not using SSL the verifyServerCertificate property is set to 'false'. You need either to explicitly disable SSL by setting useSSL=false, or set useSSL=true and provide truststore for server certificate verification.
Mon Mar 19 22:23:59 KST 2018 WARN: Establishing SSL connection without server's identity verification is not recommended. According to MySQL 5.5.45+, 5.6.26+ and 5.7.6+ requirements SSL connection must be established by default if explicit option isn't set. For compliance with existing applications not using SSL the verifyServerCertificate property is set to 'false'. You need either to explicitly disable SSL by setting useSSL=false, or set useSSL=true and provide truststore for server certificate verification.
Mon Mar 19 22:23:59 KST 2018 WARN: Establishing SSL connection without server's identity verification is not recommended. According to MySQL 5.5.45+, 5.6.26+ and 5.7.6+ requirements SSL connection must be established by default if explicit option isn't set. For compliance with existing applications not using SSL the verifyServerCertificate property is set to 'false'. You need either to explicitly disable SSL by setting useSSL=false, or set useSSL=true and provide truststore for server certificate verification.
Mon Mar 19 22:23:59 KST 2018 WARN: Establishing SSL connection without server's identity verification is not recommended. According to MySQL 5.5.45+, 5.6.26+ and 5.7.6+ requirements SSL connection must be established by default if explicit option isn't set. For compliance with existing applications not using SSL the verifyServerCertificate property is set to 'false'. You need either to explicitly disable SSL by setting useSSL=false, or set useSSL=true and provide truststore for server certificate verification.
Mon Mar 19 22:23:59 KST 2018 WARN: Establishing SSL connection without server's identity verification is not recommended. According to MySQL 5.5.45+, 5.6.26+ and 5.7.6+ requirements SSL connection must be established by default if explicit option isn't set. For compliance with existing applications not using SSL the verifyServerCertificate property is set to 'false'. You need either to explicitly disable SSL by setting useSSL=false, or set useSSL=true and provide truststore for server certificate verification.
Mon Mar 19 22:23:59 KST 2018 WARN: Establishing SSL connection without server's identity verification is not recommended. According to MySQL 5.5.45+, 5.6.26+ and 5.7.6+ requirements SSL connection must be established by default if explicit option isn't set. For compliance with existing applications not using SSL the verifyServerCertificate property is set to 'false'. You need either to explicitly disable SSL by setting useSSL=false, or set useSSL=true and provide truststore for server certificate verification.
Mon Mar 19 22:23:59 KST 2018 WARN: Establishing SSL connection without server's identity verification is not recommended. According to MySQL 5.5.45+, 5.6.26+ and 5.7.6+ requirements SSL connection must be established by default if explicit option isn't set. For compliance with existing applications not using SSL the verifyServerCertificate property is set to 'false'. You need either to explicitly disable SSL by setting useSSL=false, or set useSSL=true and provide truststore for server certificate verification.
Mon Mar 19 22:23:59 KST 2018 WARN: Establishing SSL connection without server's identity verification is not recommended. According to MySQL 5.5.45+, 5.6.26+ and 5.7.6+ requirements SSL connection must be established by default if explicit option isn't set. For compliance with existing applications not using SSL the verifyServerCertificate property is set to 'false'. You need either to explicitly disable SSL by setting useSSL=false, or set useSSL=true and provide truststore for server certificate verification.
Mon Mar 19 22:23:59 KST 2018 WARN: Establishing SSL connection without server's identity verification is not recommended. According to MySQL 5.5.45+, 5.6.26+ and 5.7.6+ requirements SSL connection must be established by default if explicit option isn't set. For compliance with existing applications not using SSL the verifyServerCertificate property is set to 'false'. You need either to explicitly disable SSL by setting useSSL=false, or set useSSL=true and provide truststore for server certificate verification.
Mon Mar 19 22:23:59 KST 2018 WARN: Establishing SSL connection without server's identity verification is not recommended. According to MySQL 5.5.45+, 5.6.26+ and 5.7.6+ requirements SSL connection must be established by default if explicit option isn't set. For compliance with existing applications not using SSL the verifyServerCertificate property is set to 'false'. You need either to explicitly disable SSL by setting useSSL=false, or set useSSL=true and provide truststore for server certificate verification.
Mon Mar 19 22:23:59 KST 2018 WARN: Establishing SSL connection without server's identity verification is not recommended. According to MySQL 5.5.45+, 5.6.26+ and 5.7.6+ requirements SSL connection must be established by default if explicit option isn't set. For compliance with existing applications not using SSL the verifyServerCertificate property is set to 'false'. You need either to explicitly disable SSL by setting useSSL=false, or set useSSL=true and provide truststore for server certificate verification.
]]></system-err>
</testsuite>
